
Usage: npm <command>

where <command> is one of:
    access, adduser, bin, bugs, c, cache, completion, config,
    ddp, dedupe, deprecate, dist-tag, docs, edit, explore, get,
    help, help-search, i, init, install, install-test, it, link,
    list, ln, login, logout, ls, outdated, owner, pack, ping,
    prefix, prune, publish, rb, rebuild, repo, restart, root,
    run, run-script, s, se, search, set, shrinkwrap, star,
    stars, start, stop, t, tag, team, test, tst, un, uninstall,
    unpublish, unstar, up, update, v, version, view, whoami

npm <cmd> -h     quick help on <cmd>
npm -l           display full usage info
npm help <term>  search for help on <term>
npm help npm     involved overview

Specify configs in the ini-formatted file:
    /home/kenchlig/.npmrc
or on the command line via: npm <command> --key value
Config info can be viewed via: npm help config

npm@3.10.10 /home/kenchlig/nodejs/lib/node_modules/npm

> rest@0.0.1 start /home/kenchlig/ex.kenchlightyear.com/rest
> node app.js

Express server listening on port 3000

> rest@0.0.1 start /home/kenchlig/ex.kenchlightyear.com/rest
> node app.js

Express server listening on port 3000

> rest@0.0.1 start /home/kenchlig/ex.kenchlightyear.com/rest
> node app.js

Express server listening on port 50000

/home/kenchlig/ex.kenchlightyear.com/rest/node_modules/mongodb/lib/mongo_client.js:421
          throw err
          ^
AssertionError: null == { MongoError: failed to connect to server [ds121665.mlab.com:21665] on first connect [MongoError: connect ETIMEDOUT 54.224.172.1
    at /home/kenchlig/ex.kenchlightyear.com/rest/routes/user.js:30:10
    at connectCallback (/home/kenchlig/ex.kenchlightyear.com/rest/node_modules/mongodb/lib/mongo_client.js:515:5)
    at /home/kenchlig/ex.kenchlightyear.com/rest/node_modules/mongodb/lib/mongo_client.js:418:11
    at _combinedTickCallback (internal/process/next_tick.js:73:7)
    at process._tickCallback (internal/process/next_tick.js:104:9)

npm ERR! Linux 2.6.32-673.26.1.lve1.4.25.el6.x86_64
npm ERR! argv "/home/kenchlig/bin/node" "/home/kenchlig/bin/npm" "start"
npm ERR! node v6.11.4
npm ERR! npm  v3.10.10
npm ERR! code ELIFECYCLE
npm ERR! rest@0.0.1 start: `node app.js`
npm ERR! Exit status 1
npm ERR! 
npm ERR! Failed at the rest@0.0.1 start script 'node app.js'.
npm ERR! Make sure you have the latest version of node.js and npm installed.
npm ERR! If you do, this is most likely a problem with the rest package,
npm ERR! not with npm itself.
npm ERR! Tell the author that this fails on your system:
npm ERR!     node app.js
npm ERR! You can get information on how to open an issue for this project with:
npm ERR!     npm bugs rest
npm ERR! Or if that isn't available, you can get their info via:
npm ERR!     npm owner ls rest
npm ERR! There is likely additional logging output above.

npm ERR! Please include the following file with any support request:
npm ERR!     /home/kenchlig/ex.kenchlightyear.com/rest/npm-debug.log

> rest@0.0.1 start /home/kenchlig/ex.kenchlightyear.com/rest
> node app.js

Express server listening on port 3000
[90mGET / [32m200 [90m647ms - 170b[0m
[90mGET /stylesheets/style.css [32m200 [90m10ms - 110b[0m

/home/kenchlig/ex.kenchlightyear.com/rest/node_modules/mongodb/lib/mongo_client.js:421
          throw err
          ^
AssertionError: null == { MongoError: failed to connect to server [ds121665.mlab.com:21665] on first connect [MongoError: connect ETIMEDOUT 54.224.172.1
    at /home/kenchlig/ex.kenchlightyear.com/rest/routes/user.js:30:10
    at connectCallback (/home/kenchlig/ex.kenchlightyear.com/rest/node_modules/mongodb/lib/mongo_client.js:515:5)
    at /home/kenchlig/ex.kenchlightyear.com/rest/node_modules/mongodb/lib/mongo_client.js:418:11
    at _combinedTickCallback (internal/process/next_tick.js:73:7)
    at process._tickCallback (internal/process/next_tick.js:104:9)

npm ERR! Linux 2.6.32-673.26.1.lve1.4.25.el6.x86_64
npm ERR! argv "/home/kenchlig/bin/node" "/home/kenchlig/bin/npm" "start"
npm ERR! node v6.11.4
npm ERR! npm  v3.10.10
npm ERR! code ELIFECYCLE
npm ERR! rest@0.0.1 start: `node app.js`
npm ERR! Exit status 1
npm ERR! 
npm ERR! Failed at the rest@0.0.1 start script 'node app.js'.
npm ERR! Make sure you have the latest version of node.js and npm installed.
npm ERR! If you do, this is most likely a problem with the rest package,
npm ERR! not with npm itself.
npm ERR! Tell the author that this fails on your system:
npm ERR!     node app.js
npm ERR! You can get information on how to open an issue for this project with:
npm ERR!     npm bugs rest
npm ERR! Or if that isn't available, you can get their info via:
npm ERR!     npm owner ls rest
npm ERR! There is likely additional logging output above.

npm ERR! Please include the following file with any support request:
npm ERR!     /home/kenchlig/ex.kenchlightyear.com/rest/npm-debug.log

> rest@0.0.1 start /home/kenchlig/ex.kenchlightyear.com/rest
> node app.js

Express server listening on port 3000

/home/kenchlig/ex.kenchlightyear.com/rest/node_modules/mongodb/lib/mongo_client.js:421
          throw err
          ^
AssertionError: null == { MongoError: failed to connect to server [ds121665.mlab.com:21665] on first connect [MongoError: connect ETIMEDOUT 54.224.172.1
    at /home/kenchlig/ex.kenchlightyear.com/rest/routes/user.js:30:10
    at connectCallback (/home/kenchlig/ex.kenchlightyear.com/rest/node_modules/mongodb/lib/mongo_client.js:515:5)
    at /home/kenchlig/ex.kenchlightyear.com/rest/node_modules/mongodb/lib/mongo_client.js:418:11
    at _combinedTickCallback (internal/process/next_tick.js:73:7)
    at process._tickCallback (internal/process/next_tick.js:104:9)

npm ERR! Linux 2.6.32-673.26.1.lve1.4.25.el6.x86_64
npm ERR! argv "/home/kenchlig/bin/node" "/home/kenchlig/bin/npm" "start"
npm ERR! node v6.11.4
npm ERR! npm  v3.10.10
npm ERR! code ELIFECYCLE
npm ERR! rest@0.0.1 start: `node app.js`
npm ERR! Exit status 1
npm ERR! 
npm ERR! Failed at the rest@0.0.1 start script 'node app.js'.
npm ERR! Make sure you have the latest version of node.js and npm installed.
npm ERR! If you do, this is most likely a problem with the rest package,
npm ERR! not with npm itself.
npm ERR! Tell the author that this fails on your system:
npm ERR!     node app.js
npm ERR! You can get information on how to open an issue for this project with:
npm ERR!     npm bugs rest
npm ERR! Or if that isn't available, you can get their info via:
npm ERR!     npm owner ls rest
npm ERR! There is likely additional logging output above.

npm ERR! Please include the following file with any support request:
npm ERR!     /home/kenchlig/ex.kenchlightyear.com/rest/npm-debug.log

> rest@0.0.1 start /home/kenchlig/ex.kenchlightyear.com/rest
> node app.js

Express server listening on port 3000

/home/kenchlig/ex.kenchlightyear.com/rest/node_modules/mongodb/lib/mongo_client.js:421
          throw err
          ^
AssertionError: null == { MongoError: failed to connect to server [ds121665.mlab.com:21665] on first connect [MongoError: connect ETIMEDOUT 54.224.172.1
    at /home/kenchlig/ex.kenchlightyear.com/rest/routes/user.js:30:10
    at connectCallback (/home/kenchlig/ex.kenchlightyear.com/rest/node_modules/mongodb/lib/mongo_client.js:515:5)
    at /home/kenchlig/ex.kenchlightyear.com/rest/node_modules/mongodb/lib/mongo_client.js:418:11
    at _combinedTickCallback (internal/process/next_tick.js:73:7)
    at process._tickCallback (internal/process/next_tick.js:104:9)

npm ERR! Linux 2.6.32-673.26.1.lve1.4.25.el6.x86_64
npm ERR! argv "/home/kenchlig/bin/node" "/home/kenchlig/bin/npm" "start"
npm ERR! node v6.11.4
npm ERR! npm  v3.10.10
npm ERR! code ELIFECYCLE
npm ERR! rest@0.0.1 start: `node app.js`
npm ERR! Exit status 1
npm ERR! 
npm ERR! Failed at the rest@0.0.1 start script 'node app.js'.
npm ERR! Make sure you have the latest version of node.js and npm installed.
npm ERR! If you do, this is most likely a problem with the rest package,
npm ERR! not with npm itself.
npm ERR! Tell the author that this fails on your system:
npm ERR!     node app.js
npm ERR! You can get information on how to open an issue for this project with:
npm ERR!     npm bugs rest
npm ERR! Or if that isn't available, you can get their info via:
npm ERR!     npm owner ls rest
npm ERR! There is likely additional logging output above.

npm ERR! Please include the following file with any support request:
npm ERR!     /home/kenchlig/ex.kenchlightyear.com/rest/npm-debug.log

> rest@0.0.1 start /home/kenchlig/ex.kenchlightyear.com/rest
> node app.js

Express server listening on port 3000
[90mGET / [32m200 [90m645ms - 170b[0m
[90mGET /stylesheets/style.css [36m304 [90m7ms[0m
[90mGET / [32m200 [90m35ms - 170b[0m
[90mGET / [32m200 [90m52ms - 170b[0m
[90mGET /stylesheets/style.css [36m304 [90m2ms[0m
[90mGET /users [32m200 [90m1506ms[0m
[90mGET /users [32m200 [90m1536ms[0m
[90mGET / [32m200 [90m202ms - 170b[0m
[90mGET / [32m200 [90m46ms - 170b[0m
[90mGET /users [32m200 [90m1384ms[0m
[90mGET / [32m200 [90m10ms - 170b[0m
[90mGET / [32m200 [90m7ms - 170b[0m
[90mGET / [32m200 [90m17ms - 170b[0m
[90mGET / [32m200 [90m11ms - 170b[0m
[90mHEAD / [32m200 [90m10ms - 170b[0m
[90mHEAD / [32m200 [90m12ms - 170b[0m
[90mGET / [32m200 [90m11ms - 170b[0m
[90mHEAD / [32m200 [90m11ms - 170b[0m
[90mHEAD / [32m200 [90m14ms - 170b[0m
[90mGET / [32m200 [90m21ms - 170b[0m
[90mGET / [32m200 [90m10ms - 170b[0m
[90mPOST /command.php [33m404 [90m5ms[0m
[90mGET /system.ini?loginuse&loginpas [32m200 [90m1583ms[0m
[90mGET /upgrade_handle.php?cmd=writeuploaddir&uploaddir=%27;echo+nuuo+123456;%27 [32m200 [90m1408ms[0m
[90mGET /board.cgi?cmd=cat%20/etc/passwd [32m200 [90m1450ms[0m
[90mPOST /hedwig.cgi [33m404 [90m1ms[0m
[90mPOST /apply.cgi [33m404 [90m0ms[0m
[90mGET /setup.cgi?next_file=netgear.cfg&todo=syscmd&curpath=/&currentsetting.htm=1&cmd=echo+dgn+123456 [32m200 [90m1416ms[0m
[90mGET /cgi-bin/user/Config.cgi?.cab&action=get&category=Account.* [33m404 [90m2ms[0m
[90mGET /shell?echo+jaws+123456;cat+/proc/cpuinfo [32m200 [90m1435ms[0m

> rest@0.0.1 start /home/kenchlig/ex.kenchlightyear.com/rest
> node app.js

Express server listening on port 3000
[90mGET /users [32m200 [90m1738ms[0m
[90mGET / [32m200 [90m1296ms - 170b[0m
[90mGET /stylesheets/style.css [32m200 [90m13ms - 110b[0m

> rest@0.0.1 start /home/kenchlig/ex.kenchlightyear.com/rest
> node app.js

Express server listening on port 3000

> rest@0.0.1 start /home/kenchlig/ex.kenchlightyear.com/rest
> node app.js

Express server listening on port 3000

> rest@0.0.1 start /home/kenchlig/ex.kenchlightyear.com/rest
> node app.js

/home/kenchlig/ex.kenchlightyear.com/rest/app.js:15
  key: fs.readFileSync('ex.key'),
       ^

ReferenceError: fs is not defined
    at Object.<anonymous> (/home/kenchlig/ex.kenchlightyear.com/rest/app.js:15:8)
    at Module._compile (module.js:570:32)
    at Object.Module._extensions..js (module.js:579:10)
    at Module.load (module.js:487:32)
    at tryModuleLoad (module.js:446:12)
    at Function.Module._load (module.js:438:3)
    at Module.runMain (module.js:604:10)
    at run (bootstrap_node.js:383:7)
    at startup (bootstrap_node.js:149:9)
    at bootstrap_node.js:496:3

npm ERR! Linux 2.6.32-673.26.1.lve1.4.25.el6.x86_64
npm ERR! argv "/home/kenchlig/bin/node" "/home/kenchlig/bin/npm" "start"
npm ERR! node v6.11.4
npm ERR! npm  v3.10.10
npm ERR! code ELIFECYCLE
npm ERR! rest@0.0.1 start: `node app.js`
npm ERR! Exit status 1
npm ERR! 
npm ERR! Failed at the rest@0.0.1 start script 'node app.js'.
npm ERR! Make sure you have the latest version of node.js and npm installed.
npm ERR! If you do, this is most likely a problem with the rest package,
npm ERR! not with npm itself.
npm ERR! Tell the author that this fails on your system:
npm ERR!     node app.js
npm ERR! You can get information on how to open an issue for this project with:
npm ERR!     npm bugs rest
npm ERR! Or if that isn't available, you can get their info via:
npm ERR!     npm owner ls rest
npm ERR! There is likely additional logging output above.

npm ERR! Please include the following file with any support request:
npm ERR!     /home/kenchlig/ex.kenchlightyear.com/rest/npm-debug.log

> rest@0.0.1 start /home/kenchlig/ex.kenchlightyear.com/rest
> node app.js

Express server listening on port 3000

> rest@0.0.1 start /home/kenchlig/ex.kenchlightyear.com/rest
> node app.js

events.js:160
      throw er; // Unhandled 'error' event
      ^

Error: listen EACCES 0.0.0.0:443
    at Object.exports._errnoException (util.js:1020:11)
    at exports._exceptionWithHostPort (util.js:1043:20)
    at Server._listen2 (net.js:1249:19)
    at listen (net.js:1298:10)
    at Server.listen (net.js:1394:5)
    at Object.<anonymous> (/home/kenchlig/ex.kenchlightyear.com/rest/app.js:43:33)
    at Module._compile (module.js:570:32)
    at Object.Module._extensions..js (module.js:579:10)
    at Module.load (module.js:487:32)
    at tryModuleLoad (module.js:446:12)

npm ERR! Linux 2.6.32-673.26.1.lve1.4.25.el6.x86_64
npm ERR! argv "/home/kenchlig/bin/node" "/home/kenchlig/bin/npm" "start"
npm ERR! node v6.11.4
npm ERR! npm  v3.10.10
npm ERR! code ELIFECYCLE
npm ERR! rest@0.0.1 start: `node app.js`
npm ERR! Exit status 1
npm ERR! 
npm ERR! Failed at the rest@0.0.1 start script 'node app.js'.
npm ERR! Make sure you have the latest version of node.js and npm installed.
npm ERR! If you do, this is most likely a problem with the rest package,
npm ERR! not with npm itself.
npm ERR! Tell the author that this fails on your system:
npm ERR!     node app.js
npm ERR! You can get information on how to open an issue for this project with:
npm ERR!     npm bugs rest
npm ERR! Or if that isn't available, you can get their info via:
npm ERR!     npm owner ls rest
npm ERR! There is likely additional logging output above.

npm ERR! Please include the following file with any support request:
npm ERR!     /home/kenchlig/ex.kenchlightyear.com/rest/npm-debug.log

> rest@0.0.1 start /home/kenchlig/ex.kenchlightyear.com/rest
> node app.js

Express server listening on port 3000

> rest@0.0.1 start /home/kenchlig/ex.kenchlightyear.com/rest
> node app.js

Express server listening on port 3000

> rest@0.0.1 start /home/kenchlig/ex.kenchlightyear.com/rest
> node app.js

Express server listening on port 3000

> rest@0.0.1 start /home/kenchlig/ex.kenchlightyear.com/rest
> node app.js

Express server listening on port 3000

> rest@0.0.1 start /home/kenchlig/ex.kenchlightyear.com/rest
> node app.js

Express server listening on port 3000
[90mGET / [32m200 [90m418ms - 170b[0m

> rest@0.0.1 start /home/kenchlig/ex.kenchlightyear.com/rest
> node app.js

Express server listening on port 3000

> rest@0.0.1 start /home/kenchlig/ex.kenchlightyear.com/rest
> node app.js

Express server listening on port 3000
[90mGET / [32m200 [90m484ms - 170b[0m
[90mGET /stylesheets/style.css [32m200 [90m15ms - 110b[0m
[90mGET /users [32m200 [90m1512ms[0m
[90mGET / [32m200 [90m56ms - 170b[0m
[90mGET /stylesheets/style.css [36m304 [90m3ms[0m
[90mGET / [32m200 [90m58ms - 170b[0m
[90mGET / [32m200 [90m46ms - 170b[0m
[90mGET /stylesheets/style.css [32m200 [90m8ms - 110b[0m

/home/kenchlig/ex.kenchlightyear.com/rest/node_modules/mongodb/lib/mongo_client.js:421
          throw err
          ^
AssertionError: null == { MongoError: failed to connect to server [ds121665.mlab.com:21665] on first connect [MongoError: connect ETIMEDOUT 35.153.105.1
    at /home/kenchlig/ex.kenchlightyear.com/rest/routes/user.js:30:10
    at connectCallback (/home/kenchlig/ex.kenchlightyear.com/rest/node_modules/mongodb/lib/mongo_client.js:515:5)
    at /home/kenchlig/ex.kenchlightyear.com/rest/node_modules/mongodb/lib/mongo_client.js:418:11
    at _combinedTickCallback (internal/process/next_tick.js:73:7)
    at process._tickCallback (internal/process/next_tick.js:104:9)

npm ERR! Linux 2.6.32-673.26.1.lve1.4.25.el6.x86_64
npm ERR! argv "/home/kenchlig/bin/node" "/home/kenchlig/bin/npm" "start"
npm ERR! node v6.11.4
npm ERR! npm  v3.10.10
npm ERR! code ELIFECYCLE
npm ERR! rest@0.0.1 start: `node app.js`
npm ERR! Exit status 1
npm ERR! 
npm ERR! Failed at the rest@0.0.1 start script 'node app.js'.
npm ERR! Make sure you have the latest version of node.js and npm installed.
npm ERR! If you do, this is most likely a problem with the rest package,
npm ERR! not with npm itself.
npm ERR! Tell the author that this fails on your system:
npm ERR!     node app.js
npm ERR! You can get information on how to open an issue for this project with:
npm ERR!     npm bugs rest
npm ERR! Or if that isn't available, you can get their info via:
npm ERR!     npm owner ls rest
npm ERR! There is likely additional logging output above.

npm ERR! Please include the following file with any support request:
npm ERR!     /home/kenchlig/ex.kenchlightyear.com/rest/npm-debug.log

> rest@0.0.1 start /home/kenchlig/node.kenchlightyear.com/rest
> node app.js

Express server listening on port 3000

/home/kenchlig/node.kenchlightyear.com/rest/node_modules/mongodb/lib/mongo_client.js:421
          throw err
          ^
AssertionError: null == { MongoError: failed to connect to server [ds121665.mlab.com:21665] on first connect [MongoError: connect ETIMEDOUT 35.153.105.1
    at /home/kenchlig/node.kenchlightyear.com/rest/routes/user.js:30:10
    at connectCallback (/home/kenchlig/node.kenchlightyear.com/rest/node_modules/mongodb/lib/mongo_client.js:515:5)
    at /home/kenchlig/node.kenchlightyear.com/rest/node_modules/mongodb/lib/mongo_client.js:418:11
    at _combinedTickCallback (internal/process/next_tick.js:73:7)
    at process._tickCallback (internal/process/next_tick.js:104:9)

npm ERR! Linux 2.6.32-673.26.1.lve1.4.25.el6.x86_64
npm ERR! argv "/home/kenchlig/bin/node" "/home/kenchlig/bin/npm" "start"
npm ERR! node v6.11.4
npm ERR! npm  v3.10.10
npm ERR! code ELIFECYCLE
npm ERR! rest@0.0.1 start: `node app.js`
npm ERR! Exit status 1
npm ERR! 
npm ERR! Failed at the rest@0.0.1 start script 'node app.js'.
npm ERR! Make sure you have the latest version of node.js and npm installed.
npm ERR! If you do, this is most likely a problem with the rest package,
npm ERR! not with npm itself.
npm ERR! Tell the author that this fails on your system:
npm ERR!     node app.js
npm ERR! You can get information on how to open an issue for this project with:
npm ERR!     npm bugs rest
npm ERR! Or if that isn't available, you can get their info via:
npm ERR!     npm owner ls rest
npm ERR! There is likely additional logging output above.

npm ERR! Please include the following file with any support request:
npm ERR!     /home/kenchlig/node.kenchlightyear.com/rest/npm-debug.log

> rest@0.0.1 start /home/kenchlig/node.kenchlightyear.com/rest
> node app.js

/home/kenchlig/node.kenchlightyear.com/rest/node_modules/express/lib/router/index.js:252
    throw new Error(msg);
    ^

Error: .get() requires callback functions but got a [object Undefined]
    at /home/kenchlig/node.kenchlightyear.com/rest/node_modules/express/lib/router/index.js:252:11
    at Array.forEach (native)
    at Router.route (/home/kenchlig/node.kenchlightyear.com/rest/node_modules/express/lib/router/index.js:248:13)
    at Router.(anonymous function) [as get] (/home/kenchlig/node.kenchlightyear.com/rest/node_modules/express/lib/router/index.js:270:16)
    at Function.app.(anonymous function) [as get] (/home/kenchlig/node.kenchlightyear.com/rest/node_modules/express/lib/application.js:414:26)
    at Object.<anonymous> (/home/kenchlig/node.kenchlightyear.com/rest/app.js:33:5)
    at Module._compile (module.js:570:32)
    at Object.Module._extensions..js (module.js:579:10)
    at Module.load (module.js:487:32)
    at tryModuleLoad (module.js:446:12)

npm ERR! Linux 2.6.32-673.26.1.lve1.4.25.el6.x86_64
npm ERR! argv "/home/kenchlig/bin/node" "/home/kenchlig/bin/npm" "start"
npm ERR! node v6.11.4
npm ERR! npm  v3.10.10
npm ERR! code ELIFECYCLE
npm ERR! rest@0.0.1 start: `node app.js`
npm ERR! Exit status 1
npm ERR! 
npm ERR! Failed at the rest@0.0.1 start script 'node app.js'.
npm ERR! Make sure you have the latest version of node.js and npm installed.
npm ERR! If you do, this is most likely a problem with the rest package,
npm ERR! not with npm itself.
npm ERR! Tell the author that this fails on your system:
npm ERR!     node app.js
npm ERR! You can get information on how to open an issue for this project with:
npm ERR!     npm bugs rest
npm ERR! Or if that isn't available, you can get their info via:
npm ERR!     npm owner ls rest
npm ERR! There is likely additional logging output above.

npm ERR! Please include the following file with any support request:
npm ERR!     /home/kenchlig/node.kenchlightyear.com/rest/npm-debug.log

> rest@0.0.1 start /home/kenchlig/node.kenchlightyear.com/rest
> node app.js

/home/kenchlig/node.kenchlightyear.com/rest/node_modules/express/lib/router/index.js:252
    throw new Error(msg);
    ^

Error: .get() requires callback functions but got a [object Undefined]
    at /home/kenchlig/node.kenchlightyear.com/rest/node_modules/express/lib/router/index.js:252:11
    at Array.forEach (native)
    at Router.route (/home/kenchlig/node.kenchlightyear.com/rest/node_modules/express/lib/router/index.js:248:13)
    at Router.(anonymous function) [as get] (/home/kenchlig/node.kenchlightyear.com/rest/node_modules/express/lib/router/index.js:270:16)
    at Function.app.(anonymous function) [as get] (/home/kenchlig/node.kenchlightyear.com/rest/node_modules/express/lib/application.js:414:26)
    at Object.<anonymous> (/home/kenchlig/node.kenchlightyear.com/rest/app.js:33:5)
    at Module._compile (module.js:570:32)
    at Object.Module._extensions..js (module.js:579:10)
    at Module.load (module.js:487:32)
    at tryModuleLoad (module.js:446:12)

npm ERR! Linux 2.6.32-673.26.1.lve1.4.25.el6.x86_64
npm ERR! argv "/home/kenchlig/bin/node" "/home/kenchlig/bin/npm" "start"
npm ERR! node v6.11.4
npm ERR! npm  v3.10.10
npm ERR! code ELIFECYCLE
npm ERR! rest@0.0.1 start: `node app.js`
npm ERR! Exit status 1
npm ERR! 
npm ERR! Failed at the rest@0.0.1 start script 'node app.js'.
npm ERR! Make sure you have the latest version of node.js and npm installed.
npm ERR! If you do, this is most likely a problem with the rest package,
npm ERR! not with npm itself.
npm ERR! Tell the author that this fails on your system:
npm ERR!     node app.js
npm ERR! You can get information on how to open an issue for this project with:
npm ERR!     npm bugs rest
npm ERR! Or if that isn't available, you can get their info via:
npm ERR!     npm owner ls rest
npm ERR! There is likely additional logging output above.

npm ERR! Please include the following file with any support request:
npm ERR!     /home/kenchlig/node.kenchlightyear.com/rest/npm-debug.log

> rest@0.0.1 start /home/kenchlig/node.kenchlightyear.com/rest
> node app.js

/home/kenchlig/node.kenchlightyear.com/rest/node_modules/express/lib/router/index.js:252
    throw new Error(msg);
    ^

Error: .get() requires callback functions but got a [object Undefined]
    at /home/kenchlig/node.kenchlightyear.com/rest/node_modules/express/lib/router/index.js:252:11
    at Array.forEach (native)
    at Router.route (/home/kenchlig/node.kenchlightyear.com/rest/node_modules/express/lib/router/index.js:248:13)
    at Router.(anonymous function) [as get] (/home/kenchlig/node.kenchlightyear.com/rest/node_modules/express/lib/router/index.js:270:16)
    at Function.app.(anonymous function) [as get] (/home/kenchlig/node.kenchlightyear.com/rest/node_modules/express/lib/application.js:414:26)
    at Object.<anonymous> (/home/kenchlig/node.kenchlightyear.com/rest/app.js:33:5)
    at Module._compile (module.js:570:32)
    at Object.Module._extensions..js (module.js:579:10)
    at Module.load (module.js:487:32)
    at tryModuleLoad (module.js:446:12)

npm ERR! Linux 2.6.32-673.26.1.lve1.4.25.el6.x86_64
npm ERR! argv "/home/kenchlig/bin/node" "/home/kenchlig/bin/npm" "start"
npm ERR! node v6.11.4
npm ERR! npm  v3.10.10
npm ERR! code ELIFECYCLE
npm ERR! rest@0.0.1 start: `node app.js`
npm ERR! Exit status 1
npm ERR! 
npm ERR! Failed at the rest@0.0.1 start script 'node app.js'.
npm ERR! Make sure you have the latest version of node.js and npm installed.
npm ERR! If you do, this is most likely a problem with the rest package,
npm ERR! not with npm itself.
npm ERR! Tell the author that this fails on your system:
npm ERR!     node app.js
npm ERR! You can get information on how to open an issue for this project with:
npm ERR!     npm bugs rest
npm ERR! Or if that isn't available, you can get their info via:
npm ERR!     npm owner ls rest
npm ERR! There is likely additional logging output above.

npm ERR! Please include the following file with any support request:
npm ERR!     /home/kenchlig/node.kenchlightyear.com/rest/npm-debug.log

> rest@0.0.1 start /home/kenchlig/node.kenchlightyear.com/rest
> node app.js

/home/kenchlig/node.kenchlightyear.com/rest/node_modules/express/lib/router/index.js:252
    throw new Error(msg);
    ^

Error: .get() requires callback functions but got a [object Undefined]
    at /home/kenchlig/node.kenchlightyear.com/rest/node_modules/express/lib/router/index.js:252:11
    at Array.forEach (native)
    at Router.route (/home/kenchlig/node.kenchlightyear.com/rest/node_modules/express/lib/router/index.js:248:13)
    at Router.(anonymous function) [as get] (/home/kenchlig/node.kenchlightyear.com/rest/node_modules/express/lib/router/index.js:270:16)
    at Function.app.(anonymous function) [as get] (/home/kenchlig/node.kenchlightyear.com/rest/node_modules/express/lib/application.js:414:26)
    at Object.<anonymous> (/home/kenchlig/node.kenchlightyear.com/rest/app.js:33:5)
    at Module._compile (module.js:570:32)
    at Object.Module._extensions..js (module.js:579:10)
    at Module.load (module.js:487:32)
    at tryModuleLoad (module.js:446:12)

npm ERR! Linux 2.6.32-673.26.1.lve1.4.25.el6.x86_64
npm ERR! argv "/home/kenchlig/bin/node" "/home/kenchlig/bin/npm" "start"
npm ERR! node v6.11.4
npm ERR! npm  v3.10.10
npm ERR! code ELIFECYCLE
npm ERR! rest@0.0.1 start: `node app.js`
npm ERR! Exit status 1
npm ERR! 
npm ERR! Failed at the rest@0.0.1 start script 'node app.js'.
npm ERR! Make sure you have the latest version of node.js and npm installed.
npm ERR! If you do, this is most likely a problem with the rest package,
npm ERR! not with npm itself.
npm ERR! Tell the author that this fails on your system:
npm ERR!     node app.js
npm ERR! You can get information on how to open an issue for this project with:
npm ERR!     npm bugs rest
npm ERR! Or if that isn't available, you can get their info via:
npm ERR!     npm owner ls rest
npm ERR! There is likely additional logging output above.

npm ERR! Please include the following file with any support request:
npm ERR!     /home/kenchlig/node.kenchlightyear.com/rest/npm-debug.log

> rest@0.0.1 start /home/kenchlig/node.kenchlightyear.com/rest
> node app.js

Express server listening on port 3000
[90mGET / [32m200 [90m1374ms - 424b[0m
[90mGET /stylesheets/style.css [36m304 [90m7ms[0m
[90mGET /users [32m200 [90m1508ms[0m
[90mGET /add [32m200 [90m69ms - 271b[0m
[90mGET /stylesheets/style.css [36m304 [90m2ms[0m
[90mGET /add [32m200 [90m124ms - 424b[0m
[90mGET /stylesheets/style.css [36m304 [90m4ms[0m
[90mGET /add [32m200 [90m133ms - 422b[0m
[90mGET /stylesheets/style.css [36m304 [90m2ms[0m
[90mGET /add [32m200 [90m95ms - 426b[0m
[90mGET /stylesheets/style.css [36m304 [90m1ms[0m
[90mGET /add [32m200 [90m44ms - 429b[0m
[90mGET /stylesheets/style.css [36m304 [90m1ms[0m
[90mGET /add [32m200 [90m22ms - 428b[0m
[90mGET /stylesheets/style.css [36m304 [90m1ms[0m
[90mGET /add [32m200 [90m26ms - 428b[0m
[90mGET /stylesheets/style.css [32m200 [90m7ms - 288b[0m
Error: /home/kenchlig/node.kenchlightyear.com/rest/views/add.jade:15
    13|       | id
    14|       input(type="text", name="id")
  > 15|       |
    16|       input(type="submit", value="add")
    17|   
    18| 

unexpected text |
   
    at Object.fail (/home/kenchlig/node.kenchlightyear.com/rest/node_modules/jade/lib/lexer.js:887:11)
    at Object.next (/home/kenchlig/node.kenchlightyear.com/rest/node_modules/jade/lib/lexer.js:947:15)
    at Object.lookahead (/home/kenchlig/node.kenchlightyear.com/rest/node_modules/jade/lib/lexer.js:113:46)
    at Parser.lookahead (/home/kenchlig/node.kenchlightyear.com/rest/node_modules/jade/lib/parser.js:102:23)
    at Parser.peek (/home/kenchlig/node.kenchlightyear.com/rest/node_modules/jade/lib/parser.js:79:17)
    at Parser.tag (/home/kenchlig/node.kenchlightyear.com/rest/node_modules/jade/lib/parser.js:832:30)
    at Parser.parseTag (/home/kenchlig/node.kenchlightyear.com/rest/node_modules/jade/lib/parser.js:759:17)
    at Parser.parseExpr (/home/kenchlig/node.kenchlightyear.com/rest/node_modules/jade/lib/parser.js:211:21)
    at Parser.block (/home/kenchlig/node.kenchlightyear.com/rest/node_modules/jade/lib/parser.js:729:25)
    at Parser.tag (/home/kenchlig/node.kenchlightyear.com/rest/node_modules/jade/lib/parser.js:838:24)
[90mGET /add [31m500 [90m14ms[0m
[90mGET /add [32m200 [90m25ms - 413b[0m
[90mGET /stylesheets/style.css [36m304 [90m1ms[0m
Error: /home/kenchlig/node.kenchlightyear.com/rest/views/add.jade:15
    13|       | id
    14|       | input(type="text", name="id")
  > 15|       |
    16|       | input(type="submit", value="add")
    17|   
    18| 

unexpected text |
   
    at Object.fail (/home/kenchlig/node.kenchlightyear.com/rest/node_modules/jade/lib/lexer.js:887:11)
    at Object.next (/home/kenchlig/node.kenchlightyear.com/rest/node_modules/jade/lib/lexer.js:947:15)
    at Object.lookahead (/home/kenchlig/node.kenchlightyear.com/rest/node_modules/jade/lib/lexer.js:113:46)
    at Parser.lookahead (/home/kenchlig/node.kenchlightyear.com/rest/node_modules/jade/lib/parser.js:102:23)
    at Parser.peek (/home/kenchlig/node.kenchlightyear.com/rest/node_modules/jade/lib/parser.js:79:17)
    at Parser.block (/home/kenchlig/node.kenchlightyear.com/rest/node_modules/jade/lib/parser.js:725:30)
    at Parser.tag (/home/kenchlig/node.kenchlightyear.com/rest/node_modules/jade/lib/parser.js:838:24)
    at Parser.parseTag (/home/kenchlig/node.kenchlightyear.com/rest/node_modules/jade/lib/parser.js:759:17)
    at Parser.parseExpr (/home/kenchlig/node.kenchlightyear.com/rest/node_modules/jade/lib/parser.js:211:21)
    at Parser.block (/home/kenchlig/node.kenchlightyear.com/rest/node_modules/jade/lib/parser.js:729:25)
[90mGET /add [31m500 [90m20ms[0m
[90mGET /add [32m200 [90m20ms - 435b[0m
[90mGET /stylesheets/style.css [36m304 [90m1ms[0m
[90mGET /add [32m200 [90m18ms - 446b[0m
[90mGET /stylesheets/style.css [36m304 [90m0ms[0m
[90mGET /add [32m200 [90m33ms - 438b[0m
[90mGET /stylesheets/style.css [36m304 [90m0ms[0m
[90mGET /add [32m200 [90m27ms - 439b[0m
[90mGET /stylesheets/style.css [36m304 [90m0ms[0m
[90mGET /add [32m200 [90m42ms - 423b[0m
[90mGET /stylesheets/style.css [36m304 [90m1ms[0m
[90mGET /add [32m200 [90m15ms - 434b[0m
[90mGET /stylesheets/style.css [36m304 [90m0ms[0m
[90mGET /add [32m200 [90m18ms - 438b[0m
[90mGET /stylesheets/style.css [36m304 [90m0ms[0m
[90mGET /add [32m200 [90m20ms - 480b[0m
[90mGET /stylesheets/style.css [36m304 [90m0ms[0m
[90mGET /add [32m200 [90m23ms - 528b[0m
[90mGET /add [32m200 [90m19ms - 528b[0m
[90mGET /stylesheets/style.css [36m304 [90m1ms[0m
[90mGET /add [32m200 [90m23ms - 528b[0m
[90mGET /stylesheets/style.css [36m304 [90m1ms[0m
[90mGET / [32m200 [90m19ms - 424b[0m
[90mGET /stylesheets/style.css [36m304 [90m2ms[0m
[90mGET / [32m200 [90m23ms - 424b[0m
[90mGET /stylesheets/style.css [36m304 [90m1ms[0m
[90mGET /users [32m200 [90m1490ms[0m
[90mGET /add [32m200 [90m51ms - 528b[0m
[90mGET /stylesheets/style.css [36m304 [90m3ms[0m
[90mGET / [32m200 [90m321ms - 424b[0m
[90mGET /stylesheets/style.css [36m304 [90m1ms[0m
[90mGET /users [32m200 [90m1490ms[0m
[90mGET /add [32m200 [90m26ms - 528b[0m
[90mGET /stylesheets/style.css [36m304 [90m2ms[0m
[90mGET / [32m200 [90m175ms - 486b[0m
[90mGET /stylesheets/style.css [36m304 [90m2ms[0m
[90mGET / [32m200 [90m194ms - 486b[0m
[90mGET /stylesheets/style.css [36m304 [90m1ms[0m
[90mGET / [32m200 [90m78ms - 486b[0m
[90mGET /stylesheets/style.css [36m304 [90m1ms[0m
[90mGET /add [32m200 [90m54ms - 528b[0m
[90mGET /stylesheets/style.css [36m304 [90m0ms[0m
[90mPOST /add [32m200 [90m1543ms[0m
[90mGET /add [32m200 [90m21ms - 528b[0m
[90mGET /users [32m200 [90m1505ms[0m
[90mGET /users [32m200 [90m1382ms[0m
[90mGET /users [32m200 [90m1440ms[0m
[90mGET /add [32m200 [90m27ms - 528b[0m
[90mGET /stylesheets/style.css [36m304 [90m1ms[0m
[90mPOST /add [32m200 [90m1481ms[0m
[90mGET / [32m200 [90m27ms - 486b[0m
[90mGET /stylesheets/style.css [36m304 [90m2ms[0m
[90mGET /users [32m200 [90m1407ms[0m
[90mGET / [32m200 [90m40ms - 493b[0m
[90mGET /stylesheets/style.css [36m304 [90m0ms[0m
[90mGET /users [32m200 [90m1521ms[0m
[90mGET /add [32m200 [90m17ms - 528b[0m
[90mGET /stylesheets/style.css [36m304 [90m1ms[0m
[90mPOST /add [32m200 [90m1468ms[0m
[90mGET /add [32m200 [90m20ms - 528b[0m
[90mGET / [32m200 [90m21ms - 493b[0m
[90mGET /stylesheets/style.css [36m304 [90m1ms[0m
[90mGET /stylesheets/style.css [36m304 [90m0ms[0m
[90mGET /users [32m200 [90m1501ms[0m

> rest@0.0.1 start /home/kenchlig/node.kenchlightyear.com/rest
> node app.js

Express server listening on port 3000
[90mGET / [32m200 [90m768ms - 493b[0m
[90mGET /stylesheets/style.css [36m304 [90m6ms[0m
[90mGET /stylesheets/style.css [36m304 [90m3ms[0m
[90mGET /add [32m200 [90m154ms - 528b[0m
[90mGET /stylesheets/style.css [36m304 [90m2ms[0m
[90mGET / [32m200 [90m51ms - 493b[0m
[90mGET /stylesheets/style.css [36m304 [90m2ms[0m
[90mGET /stylesheets/style.css [36m304 [90m2ms[0m
[90mGET /users [32m200 [90m1594ms[0m
[90mGET /add [32m200 [90m70ms - 528b[0m
[90mGET /stylesheets/style.css [36m304 [90m1ms[0m
[90mPOST /add [32m200 [90m1549ms - 505b[0m
[90mGET /stylesheets/style.css [36m304 [90m0ms[0m
[90mGET /users [32m200 [90m1516ms[0m
[90mGET / [32m200 [90m54ms - 493b[0m
[90mGET /stylesheets/style.css [36m304 [90m1ms[0m
[90mGET /stylesheets/style.css [36m304 [90m0ms[0m
[90mGET /add [32m200 [90m43ms - 528b[0m
[90mGET /stylesheets/style.css [36m304 [90m3ms[0m
[90mPOST /add [32m200 [90m1509ms - 525b[0m
[90mGET / [32m200 [90m24ms - 513b[0m
[90mGET /stylesheets/style.css [36m304 [90m1ms[0m
[90mGET /stylesheets/style.css [36m304 [90m0ms[0m
[90mGET /users [32m200 [90m1408ms[0m
[90mGET / [32m200 [90m22ms - 513b[0m
[90mGET /stylesheets/style.css [36m304 [90m1ms[0m
[90mGET /stylesheets/style.css [36m304 [90m0ms[0m
[90mGET /add [32m200 [90m30ms - 528b[0m
[90mGET /stylesheets/style.css [36m304 [90m1ms[0m
[90mPOST /add [32m200 [90m1524ms - 525b[0m
[90mGET /stylesheets/style.css [36m304 [90m1ms[0m
[90mGET /users [32m200 [90m1505ms[0m
[90mGET /users [32m200 [90m1416ms[0m

> rest@0.0.1 start /home/kenchlig/node.kenchlightyear.com/rest
> node app.js

Express server listening on port 3000
[90mGET /users [32m200 [90m2181ms - 1.33kb[0m
[90mGET /stylesheets/style.css [36m304 [90m6ms[0m
[90mGET / [32m200 [90m173ms - 513b[0m
[90mGET /stylesheets/style.css [36m304 [90m2ms[0m
[90mGET /users [32m200 [90m1683ms - 5.56kb[0m
[90mGET /stylesheets/style.css [36m304 [90m2ms[0m
[90mGET / [32m200 [90m165ms - 513b[0m
[90mGET /stylesheets/style.css [36m304 [90m1ms[0m
[90mGET /users [36m304 [90m1687ms[0m
[90mGET /stylesheets/style.css [36m304 [90m2ms[0m
[90mGET / [32m200 [90m106ms - 513b[0m
[90mGET /stylesheets/style.css [36m304 [90m1ms[0m

> rest@0.0.1 start /home/kenchlig/node.kenchlightyear.com/rest
> node app.js

Express server listening on port 3000
[90mGET /users [36m304 [90m2200ms[0m
[90mGET /stylesheets/style.css [36m304 [90m5ms[0m
[90mGET / [32m200 [90m283ms - 513b[0m
[90mGET /stylesheets/style.css [36m304 [90m2ms[0m
[90mGET /users [36m304 [90m1544ms[0m
[90mGET /stylesheets/style.css [36m304 [90m1ms[0m
[90mGET / [32m200 [90m70ms - 513b[0m
[90mGET /stylesheets/style.css [36m304 [90m2ms[0m

> rest@0.0.1 start /home/kenchlig/node.kenchlightyear.com/rest
> node app.js

Express server listening on port 3000
[90mGET /users [32m200 [90m2186ms - 1.33kb[0m
[90mGET /stylesheets/style.css [36m304 [90m6ms[0m
[90mGET / [32m200 [90m193ms - 513b[0m
[90mGET /stylesheets/style.css [36m304 [90m1ms[0m
[90mGET /users [36m304 [90m1628ms[0m
[90mGET /stylesheets/style.css [36m304 [90m2ms[0m

> rest@0.0.1 start /home/kenchlig/node.kenchlightyear.com/rest
> node app.js

Express server listening on port 3000
[90mGET / [32m200 [90m650ms - 513b[0m
[90mGET /stylesheets/style.css [36m304 [90m7ms[0m
/home/kenchlig/node.kenchlightyear.com/rest/node_modules/mongodb/lib/utils.js:123
    process.nextTick(function() { throw err; });
                                  ^

SyntaxError: Unexpected token { in JSON at position 65
    at Object.parse (native)
    at /home/kenchlig/node.kenchlightyear.com/rest/routes/user.js:32:96
    at /home/kenchlig/node.kenchlightyear.com/rest/routes/user.js:19:4
    at handleCallback (/home/kenchlig/node.kenchlightyear.com/rest/node_modules/mongodb/lib/utils.js:120:56)
    at /home/kenchlig/node.kenchlightyear.com/rest/node_modules/mongodb/lib/cursor.js:749:16
    at handleCallback (/home/kenchlig/node.kenchlightyear.com/rest/node_modules/mongodb/lib/utils.js:120:56)
    at /home/kenchlig/node.kenchlightyear.com/rest/node_modules/mongodb/lib/cursor.js:683:5
    at handleCallback (/home/kenchlig/node.kenchlightyear.com/rest/node_modules/mongodb-core/lib/cursor.js:171:5)
    at setCursorDeadAndNotified (/home/kenchlig/node.kenchlightyear.com/rest/node_modules/mongodb-core/lib/cursor.js:505:3)
    at nextFunction (/home/kenchlig/node.kenchlightyear.com/rest/node_modules/mongodb-core/lib/cursor.js:658:7)

npm ERR! Linux 2.6.32-673.26.1.lve1.4.25.el6.x86_64
npm ERR! argv "/home/kenchlig/bin/node" "/home/kenchlig/bin/npm" "start"
npm ERR! node v6.11.4
npm ERR! npm  v3.10.10
npm ERR! code ELIFECYCLE
npm ERR! rest@0.0.1 start: `node app.js`
npm ERR! Exit status 1
npm ERR! 
npm ERR! Failed at the rest@0.0.1 start script 'node app.js'.
npm ERR! Make sure you have the latest version of node.js and npm installed.
npm ERR! If you do, this is most likely a problem with the rest package,
npm ERR! not with npm itself.
npm ERR! Tell the author that this fails on your system:
npm ERR!     node app.js
npm ERR! You can get information on how to open an issue for this project with:
npm ERR!     npm bugs rest
npm ERR! Or if that isn't available, you can get their info via:
npm ERR!     npm owner ls rest
npm ERR! There is likely additional logging output above.

npm ERR! Please include the following file with any support request:
npm ERR!     /home/kenchlig/node.kenchlightyear.com/rest/npm-debug.log

> rest@0.0.1 start /home/kenchlig/node.kenchlightyear.com/rest
> node app.js

Express server listening on port 3000
[90mGET / [32m200 [90m677ms - 513b[0m
[90mGET /stylesheets/style.css [36m304 [90m7ms[0m
[90mGET /users [32m200 [90m1674ms - 5.56kb[0m
[90mGET /stylesheets/style.css [36m304 [90m2ms[0m

> rest@0.0.1 start /home/kenchlig/node.kenchlightyear.com/rest
> node app.js

Express server listening on port 3000
[90mGET / [32m200 [90m713ms - 513b[0m
[90mGET /stylesheets/style.css [36m304 [90m6ms[0m
[90mGET /users [32m200 [90m1677ms - 5.71kb[0m
[90mGET /stylesheets/style.css [36m304 [90m5ms[0m
[90mGET / [32m200 [90m160ms - 513b[0m
[90mGET /stylesheets/style.css [36m304 [90m1ms[0m

> rest@0.0.1 start /home/kenchlig/node.kenchlightyear.com/rest
> node app.js

Express server listening on port 3000
[90mGET /users [32m200 [90m2313ms - 5.71kb[0m
[90mGET /stylesheets/style.css [36m304 [90m6ms[0m

> rest@0.0.1 start /home/kenchlig/node.kenchlightyear.com/rest
> node app.js

Express server listening on port 3000
[90mGET / [32m200 [90m797ms - 513b[0m
[90mGET /stylesheets/style.css [36m304 [90m8ms[0m
/home/kenchlig/node.kenchlightyear.com/rest/node_modules/mongodb/lib/utils.js:123
    process.nextTick(function() { throw err; });
                                  ^

SyntaxError: Unexpected token { in JSON at position 1
    at Object.parse (native)
    at /home/kenchlig/node.kenchlightyear.com/rest/routes/user.js:33:96
    at /home/kenchlig/node.kenchlightyear.com/rest/routes/user.js:20:4
    at handleCallback (/home/kenchlig/node.kenchlightyear.com/rest/node_modules/mongodb/lib/utils.js:120:56)
    at /home/kenchlig/node.kenchlightyear.com/rest/node_modules/mongodb/lib/cursor.js:749:16
    at handleCallback (/home/kenchlig/node.kenchlightyear.com/rest/node_modules/mongodb/lib/utils.js:120:56)
    at /home/kenchlig/node.kenchlightyear.com/rest/node_modules/mongodb/lib/cursor.js:683:5
    at handleCallback (/home/kenchlig/node.kenchlightyear.com/rest/node_modules/mongodb-core/lib/cursor.js:171:5)
    at setCursorDeadAndNotified (/home/kenchlig/node.kenchlightyear.com/rest/node_modules/mongodb-core/lib/cursor.js:505:3)
    at nextFunction (/home/kenchlig/node.kenchlightyear.com/rest/node_modules/mongodb-core/lib/cursor.js:658:7)

npm ERR! Linux 2.6.32-673.26.1.lve1.4.25.el6.x86_64
npm ERR! argv "/home/kenchlig/bin/node" "/home/kenchlig/bin/npm" "start"
npm ERR! node v6.11.4
npm ERR! npm  v3.10.10
npm ERR! code ELIFECYCLE
npm ERR! rest@0.0.1 start: `node app.js`
npm ERR! Exit status 1
npm ERR! 
npm ERR! Failed at the rest@0.0.1 start script 'node app.js'.
npm ERR! Make sure you have the latest version of node.js and npm installed.
npm ERR! If you do, this is most likely a problem with the rest package,
npm ERR! not with npm itself.
npm ERR! Tell the author that this fails on your system:
npm ERR!     node app.js
npm ERR! You can get information on how to open an issue for this project with:
npm ERR!     npm bugs rest
npm ERR! Or if that isn't available, you can get their info via:
npm ERR!     npm owner ls rest
npm ERR! There is likely additional logging output above.

npm ERR! Please include the following file with any support request:
npm ERR!     /home/kenchlig/node.kenchlightyear.com/rest/npm-debug.log

> rest@0.0.1 start /home/kenchlig/node.kenchlightyear.com/rest
> node app.js

Express server listening on port 3000
[90mGET / [32m200 [90m774ms - 513b[0m
[90mGET /stylesheets/style.css [36m304 [90m6ms[0m
[90mGET /stylesheets/style.css [36m304 [90m2ms[0m
/home/kenchlig/node.kenchlightyear.com/rest/node_modules/mongodb/lib/utils.js:123
    process.nextTick(function() { throw err; });
                                  ^

SyntaxError: Unexpected token { in JSON at position 1
    at Object.parse (native)
    at /home/kenchlig/node.kenchlightyear.com/rest/routes/user.js:34:96
    at /home/kenchlig/node.kenchlightyear.com/rest/routes/user.js:21:4
    at handleCallback (/home/kenchlig/node.kenchlightyear.com/rest/node_modules/mongodb/lib/utils.js:120:56)
    at /home/kenchlig/node.kenchlightyear.com/rest/node_modules/mongodb/lib/cursor.js:749:16
    at handleCallback (/home/kenchlig/node.kenchlightyear.com/rest/node_modules/mongodb/lib/utils.js:120:56)
    at /home/kenchlig/node.kenchlightyear.com/rest/node_modules/mongodb/lib/cursor.js:683:5
    at handleCallback (/home/kenchlig/node.kenchlightyear.com/rest/node_modules/mongodb-core/lib/cursor.js:171:5)
    at setCursorDeadAndNotified (/home/kenchlig/node.kenchlightyear.com/rest/node_modules/mongodb-core/lib/cursor.js:505:3)
    at nextFunction (/home/kenchlig/node.kenchlightyear.com/rest/node_modules/mongodb-core/lib/cursor.js:658:7)

npm ERR! Linux 2.6.32-673.26.1.lve1.4.25.el6.x86_64
npm ERR! argv "/home/kenchlig/bin/node" "/home/kenchlig/bin/npm" "start"
npm ERR! node v6.11.4
npm ERR! npm  v3.10.10
npm ERR! code ELIFECYCLE
npm ERR! rest@0.0.1 start: `node app.js`
npm ERR! Exit status 1
npm ERR! 
npm ERR! Failed at the rest@0.0.1 start script 'node app.js'.
npm ERR! Make sure you have the latest version of node.js and npm installed.
npm ERR! If you do, this is most likely a problem with the rest package,
npm ERR! not with npm itself.
npm ERR! Tell the author that this fails on your system:
npm ERR!     node app.js
npm ERR! You can get information on how to open an issue for this project with:
npm ERR!     npm bugs rest
npm ERR! Or if that isn't available, you can get their info via:
npm ERR!     npm owner ls rest
npm ERR! There is likely additional logging output above.

npm ERR! Please include the following file with any support request:
npm ERR!     /home/kenchlig/node.kenchlightyear.com/rest/npm-debug.log

> rest@0.0.1 start /home/kenchlig/node.kenchlightyear.com/rest
> node app.js

Express server listening on port 3000
[90mGET / [32m200 [90m886ms - 513b[0m
[90mGET /stylesheets/style.css [36m304 [90m13ms[0m
[90mGET /users [32m200 [90m1722ms - 1.41kb[0m
[90mGET /stylesheets/style.css [36m304 [90m3ms[0m
[90mGET / [32m200 [90m220ms - 513b[0m
[90mGET /stylesheets/style.css [36m304 [90m2ms[0m
SyntaxError: /home/kenchlig/node.kenchlightyear.com/rest/views/list.jade:9
    7|   p(style=" color: blue") #{message}
    8| 
  > 9|   each key in #{jsonmsg}
    10|     p !{key.action} !{key.result}
    11|   
    12|   p 

Invalid or unexpected token
    at assertExpression (/home/kenchlig/node.kenchlightyear.com/rest/node_modules/jade/lib/lexer.js:30:3)
    at Object.each (/home/kenchlig/node.kenchlightyear.com/rest/node_modules/jade/lib/lexer.js:565:7)
    at Object.next (/home/kenchlig/node.kenchlightyear.com/rest/node_modules/jade/lib/lexer.js:931:15)
    at Object.lookahead (/home/kenchlig/node.kenchlightyear.com/rest/node_modules/jade/lib/lexer.js:113:46)
    at Parser.lookahead (/home/kenchlig/node.kenchlightyear.com/rest/node_modules/jade/lib/parser.js:102:23)
    at Parser.peek (/home/kenchlig/node.kenchlightyear.com/rest/node_modules/jade/lib/parser.js:79:17)
    at Parser.tag (/home/kenchlig/node.kenchlightyear.com/rest/node_modules/jade/lib/parser.js:832:30)
    at Parser.parseTag (/home/kenchlig/node.kenchlightyear.com/rest/node_modules/jade/lib/parser.js:759:17)
    at Parser.parseExpr (/home/kenchlig/node.kenchlightyear.com/rest/node_modules/jade/lib/parser.js:211:21)
    at Parser.block (/home/kenchlig/node.kenchlightyear.com/rest/node_modules/jade/lib/parser.js:729:25)
[90mGET /users [31m500 [90m1523ms[0m
[90mGET / [32m200 [90m114ms - 513b[0m
[90mGET /stylesheets/style.css [36m304 [90m2ms[0m
[90mGET /stylesheets/style.css [36m304 [90m1ms[0m
[90mGET /users [32m200 [90m1540ms - 1.41kb[0m
[90mGET /stylesheets/style.css [36m304 [90m1ms[0m
[90mGET / [32m200 [90m199ms - 513b[0m
[90mGET /stylesheets/style.css [36m304 [90m2ms[0m
[90mGET /users [32m200 [90m1495ms - 1.43kb[0m
[90mGET /stylesheets/style.css [36m304 [90m1ms[0m
[90mGET /users [32m200 [90m1612ms - 1.76kb[0m
[90mGET /stylesheets/style.css [36m304 [90m2ms[0m
[90mGET / [32m200 [90m249ms - 513b[0m
[90mGET /stylesheets/style.css [36m304 [90m2ms[0m
[90mGET /users [36m304 [90m1634ms[0m
[90mGET /stylesheets/style.css [36m304 [90m1ms[0m
[90mGET / [32m200 [90m50ms - 513b[0m
[90mGET /stylesheets/style.css [36m304 [90m1ms[0m
[90mGET /users [36m304 [90m1501ms[0m
[90mGET /stylesheets/style.css [36m304 [90m1ms[0m
[90mGET / [32m200 [90m43ms - 513b[0m
[90mGET /stylesheets/style.css [36m304 [90m1ms[0m
[90mGET / [32m200 [90m49ms - 513b[0m
[90mGET /stylesheets/style.css [36m304 [90m3ms[0m
[90mGET /users [36m304 [90m1533ms[0m
[90mGET /stylesheets/style.css [36m304 [90m1ms[0m
[90mGET / [32m200 [90m20ms - 513b[0m
[90mGET /stylesheets/style.css [36m304 [90m1ms[0m
[90mGET /users [36m304 [90m1511ms[0m
[90mGET /stylesheets/style.css [36m304 [90m1ms[0m
[90mGET / [32m200 [90m20ms - 513b[0m
[90mGET /stylesheets/style.css [36m304 [90m2ms[0m
[90mGET /add [32m200 [90m22ms - 528b[0m
[90mGET /stylesheets/style.css [36m304 [90m0ms[0m
[90mGET /users [36m304 [90m1521ms[0m
[90mGET /stylesheets/style.css [36m304 [90m1ms[0m
[90mGET / [32m200 [90m21ms - 513b[0m
[90mGET /stylesheets/style.css [36m304 [90m1ms[0m
[90mGET /users [36m304 [90m1542ms[0m
[90mGET /stylesheets/style.css [36m304 [90m1ms[0m
[90mGET / [32m200 [90m22ms - 513b[0m
[90mGET /stylesheets/style.css [36m304 [90m1ms[0m
[90mGET /add [32m200 [90m23ms - 528b[0m
[90mGET /stylesheets/style.css [36m304 [90m3ms[0m
[90mPOST /add [32m200 [90m1449ms - 525b[0m
[90mGET /stylesheets/style.css [36m304 [90m2ms[0m
[90mGET /users [32m200 [90m1522ms - 1.95kb[0m
[90mGET /stylesheets/style.css [36m304 [90m1ms[0m
[90mGET / [32m200 [90m32ms - 513b[0m
[90mGET /stylesheets/style.css [36m304 [90m1ms[0m
[90mGET /add [32m200 [90m32ms - 528b[0m
[90mGET /stylesheets/style.css [36m304 [90m1ms[0m
[90mGET / [32m200 [90m189ms - 513b[0m
[90mGET /stylesheets/style.css [36m304 [90m2ms[0m
[90mGET / [32m200 [90m881ms - 513b[0m
[90mGET /stylesheets/style.css [32m200 [90m7ms - 288b[0m
[90mGET /users [32m200 [90m1544ms - 1.95kb[0m
[90mGET /stylesheets/style.css [36m304 [90m1ms[0m
[90mGET / [32m200 [90m130ms - 513b[0m
[90mGET /stylesheets/style.css [36m304 [90m1ms[0m
[90mGET /add [32m200 [90m52ms - 528b[0m
[90mGET /stylesheets/style.css [36m304 [90m1ms[0m
[90mPOST /add [32m200 [90m1610ms - 525b[0m
[90mGET /stylesheets/style.css [36m304 [90m1ms[0m
[90mGET /users [32m200 [90m1547ms - 2.15kb[0m
[90mGET /stylesheets/style.css [36m304 [90m0ms[0m
[90mGET / [32m200 [90m42ms - 513b[0m
[90mGET /stylesheets/style.css [36m304 [90m1ms[0m
[90mGET / [32m200 [90m40ms - 513b[0m
[90mGET /stylesheets/style.css [36m304 [90m4ms[0m
[90mGET / [32m200 [90m15ms - 447b[0m
[90mGET /stylesheets/style.css [36m304 [90m0ms[0m
[90mGET /users [32m200 [90m1536ms - 2.15kb[0m
[90mGET /stylesheets/style.css [36m304 [90m1ms[0m
[90mGET / [32m200 [90m19ms - 447b[0m
[90mGET /stylesheets/style.css [36m304 [90m0ms[0m
[90mGET /add [32m200 [90m22ms - 528b[0m
[90mGET /stylesheets/style.css [36m304 [90m8ms[0m
[90mGET /users [36m304 [90m1536ms[0m
[90mGET /users [32m200 [90m1564ms - 2.15kb[0m
[90mGET /stylesheets/style.css [36m304 [90m1ms[0m
[90mGET /users [32m200 [90m1539ms - 2.18kb[0m
[90mGET /stylesheets/style.css [36m304 [90m1ms[0m
[90mGET /users [32m200 [90m1563ms - 2.82kb[0m
[90mGET /stylesheets/style.css [36m304 [90m1ms[0m
[90mGET /users [32m200 [90m1607ms - 2.83kb[0m
[90mGET /stylesheets/style.css [36m304 [90m1ms[0m
[90mGET /users [32m200 [90m1472ms - 2.91kb[0m
[90mGET /stylesheets/style.css [36m304 [90m3ms[0m
[90mGET /users [32m200 [90m1626ms - 3.02kb[0m
[90mGET /stylesheets/style.css [36m304 [90m2ms[0m
[90mGET /users [32m200 [90m1575ms - 3.01kb[0m
[90mGET /stylesheets/style.css [36m304 [90m2ms[0m
[90mGET /users [32m200 [90m1533ms - 3kb[0m
[90mGET /stylesheets/style.css [36m304 [90m1ms[0m
[90mGET /users [36m304 [90m1509ms[0m
[90mGET /stylesheets/style.css [36m304 [90m2ms[0m
Error: /home/kenchlig/node.kenchlightyear.com/rest/views/list.jade:25
    23|     tr
    24|       td(colspan="4")
  > 25|          input(type="submit" value="Update") input(type="submit" value="Delete")
    26|       
    27|   p 
    28|     a(href="/add") Add user

input is self closing and should not have content.
    at Object.visitTag (/home/kenchlig/node.kenchlightyear.com/rest/node_modules/jade/lib/compiler.js:471:32)
    at Object.visitNode (/home/kenchlig/node.kenchlightyear.com/rest/node_modules/jade/lib/compiler.js:225:37)
    at Object.visit (/home/kenchlig/node.kenchlightyear.com/rest/node_modules/jade/lib/compiler.js:212:10)
    at Object.visitBlock (/home/kenchlig/node.kenchlightyear.com/rest/node_modules/jade/lib/compiler.js:295:12)
    at Object.visitNode (/home/kenchlig/node.kenchlightyear.com/rest/node_modules/jade/lib/compiler.js:225:37)
    at Object.visit (/home/kenchlig/node.kenchlightyear.com/rest/node_modules/jade/lib/compiler.js:212:10)
    at Object.visitTag (/home/kenchlig/node.kenchlightyear.com/rest/node_modules/jade/lib/compiler.js:480:12)
    at Object.visitNode (/home/kenchlig/node.kenchlightyear.com/rest/node_modules/jade/lib/compiler.js:225:37)
    at Object.visit (/home/kenchlig/node.kenchlightyear.com/rest/node_modules/jade/lib/compiler.js:212:10)
    at Object.visitBlock (/home/kenchlig/node.kenchlightyear.com/rest/node_modules/jade/lib/compiler.js:295:12)
[90mGET /users [31m500 [90m1612ms[0m
[90mGET /users [32m200 [90m1576ms - 3kb[0m
[90mGET /stylesheets/style.css [36m304 [90m1ms[0m
[90mGET /users [32m200 [90m1543ms - 3.07kb[0m
[90mGET /stylesheets/style.css [36m304 [90m1ms[0m
[90mGET /users [36m304 [90m1541ms[0m
[90mGET /stylesheets/style.css [36m304 [90m1ms[0m
[90mGET /users [32m200 [90m1517ms - 3.08kb[0m
[90mGET /stylesheets/style.css [36m304 [90m2ms[0m
[90mGET /users [32m200 [90m1540ms - 3.07kb[0m
[90mGET /stylesheets/style.css [36m304 [90m1ms[0m
[90mGET /users [32m200 [90m1529ms - 3.1kb[0m
[90mGET /stylesheets/style.css [36m304 [90m2ms[0m
[90mGET /users [32m200 [90m1536ms - 3.06kb[0m
[90mGET /stylesheets/style.css [36m304 [90m2ms[0m
[90mGET /users [36m304 [90m1630ms[0m
[90mGET /stylesheets/style.css [36m304 [90m2ms[0m
[90mGET /users?id=on [32m200 [90m1586ms - 3.06kb[0m
[90mGET /stylesheets/style.css [36m304 [90m1ms[0m
[90mGET / [32m200 [90m65ms - 447b[0m
[90mGET /stylesheets/style.css [36m304 [90m2ms[0m
[90mGET /users [36m304 [90m1541ms[0m
[90mGET /stylesheets/style.css [36m304 [90m1ms[0m
[90mGET /users?id=on [36m304 [90m1566ms[0m
[90mGET /stylesheets/style.css [36m304 [90m1ms[0m
[90mGET /users?id=on [32m200 [90m1559ms - 3.12kb[0m
[90mGET /stylesheets/style.css [36m304 [90m0ms[0m
[90mGET /users?keyid=5a8fc053f1fd4e070826053f [32m200 [90m1603ms - 3.12kb[0m
[90mGET /stylesheets/style.css [36m304 [90m7ms[0m
[90mGET / [32m200 [90m36ms - 447b[0m
[90mGET /stylesheets/style.css [36m304 [90m2ms[0m
[90mGET /users [32m200 [90m1506ms - 3.12kb[0m
[90mGET /stylesheets/style.css [36m304 [90m0ms[0m
[90mGET /users?keyid=5a8fc053f1fd4e070826053f [36m304 [90m1560ms[0m
[90mGET /stylesheets/style.css [36m304 [90m1ms[0m
[90mGET /users?keyid=5a8fc053f1fd4e070826053f [36m304 [90m1652ms[0m
[90mGET /stylesheets/style.css [36m304 [90m2ms[0m
[90mGET /users?keyid=5a8fc053f1fd4e070826053f [36m304 [90m1482ms[0m
[90mGET /stylesheets/style.css [36m304 [90m1ms[0m
[90mGET /users?keyid=5a8fc053f1fd4e070826053f [32m200 [90m1570ms - 3.13kb[0m
[90mGET /scripts/uord.js [32m200 [90m8ms - 363b[0m
[90mGET /stylesheets/style.css [36m304 [90m3ms[0m
[90mGET /5a8fc053f1fd4e070826053f?keyid=5a8fc053f1fd4e070826053f [32m200 [90m1490ms[0m
[90mGET / [32m200 [90m79ms - 447b[0m
[90mGET /stylesheets/style.css [36m304 [90m3ms[0m
[90mGET /users [32m200 [90m1515ms - 3.13kb[0m
[90mGET /stylesheets/style.css [36m304 [90m1ms[0m
[90mGET /scripts/uord.js [36m304 [90m0ms[0m
[90mGET /5a8fc053f1fd4e070826053f?keyid=5a8fc053f1fd4e070826053f [32m200 [90m1497ms[0m
[90mGET /5a8fc053f1fd4e070826053f [32m200 [90m1505ms[0m
[90mGET /users [36m304 [90m1502ms[0m
[90mGET /stylesheets/style.css [36m304 [90m1ms[0m
[90mGET /scripts/uord.js [36m304 [90m2ms[0m
[90mGET /users [36m304 [90m1512ms[0m
[90mGET /stylesheets/style.css [36m304 [90m1ms[0m
[90mGET /scripts/uord.js [32m200 [90m3ms - 325b[0m
[90mGET /users?keyid=5a8fc053f1fd4e070826053f [36m304 [90m1531ms[0m
[90mGET /stylesheets/style.css [36m304 [90m1ms[0m
[90mGET /scripts/uord.js [36m304 [90m0ms[0m
[90mGET / [32m200 [90m36ms - 447b[0m
[90mGET /stylesheets/style.css [36m304 [90m0ms[0m
[90mGET /users [36m304 [90m1602ms[0m
[90mGET /stylesheets/style.css [36m304 [90m1ms[0m
[90mGET /scripts/uord.js [36m304 [90m1ms[0m
[90mGET /users?keyid=5a8fc053f1fd4e070826053f [36m304 [90m1550ms[0m
[90mGET /stylesheets/style.css [36m304 [90m1ms[0m
[90mGET /scripts/uord.js [36m304 [90m0ms[0m
[90mGET /users?keyid=5a8fc053f1fd4e070826053f [32m200 [90m1559ms - 3.14kb[0m
[90mGET /scripts/uord.js [32m200 [90m4ms - 351b[0m
[90mGET /stylesheets/style.css [36m304 [90m1ms[0m
[90mGET /users?keyid=5a8fc053f1fd4e070826053f [36m304 [90m1565ms[0m
[90mGET /stylesheets/style.css [36m304 [90m1ms[0m
[90mGET /scripts/uord.js [36m304 [90m2ms[0m
[90mGET / [32m200 [90m41ms - 447b[0m
[90mGET /stylesheets/style.css [36m304 [90m1ms[0m
[90mGET /users [32m200 [90m1573ms - 3.14kb[0m
[90mGET /stylesheets/style.css [36m304 [90m2ms[0m
[90mGET /scripts/uord.js [36m304 [90m1ms[0m
[90mGET /users?keyid=5a8fc053f1fd4e070826053f [36m304 [90m1534ms[0m
[90mGET /stylesheets/style.css [36m304 [90m1ms[0m
[90mGET /scripts/uord.js [36m304 [90m1ms[0m
[90mGET /users?keyid=5a8fc053f1fd4e070826053f [32m200 [90m1582ms - 3.14kb[0m
[90mGET /stylesheets/style.css [36m304 [90m2ms[0m
[90mGET /scripts/uord.js [32m200 [90m3ms - 424b[0m
[90mGET / [32m200 [90m104ms - 447b[0m
[90mGET /stylesheets/style.css [36m304 [90m1ms[0m
[90mGET /users [32m200 [90m1561ms - 3.14kb[0m
[90mGET /scripts/uord.js [36m304 [90m1ms[0m
[90mGET /stylesheets/style.css [36m304 [90m16ms[0m
[90mGET /users?keyid=5a8fc053f1fd4e070826053f [36m304 [90m1559ms[0m
[90mGET /stylesheets/style.css [36m304 [90m2ms[0m
[90mGET /scripts/uord.js [36m304 [90m1ms[0m
[90mGET / [32m200 [90m48ms - 447b[0m
[90mGET /stylesheets/style.css [36m304 [90m1ms[0m
[90mGET /users [36m304 [90m1658ms[0m
[90mGET /stylesheets/style.css [36m304 [90m1ms[0m
[90mGET /scripts/uord.js [36m304 [90m1ms[0m
[90mGET /users [32m200 [90m1496ms - 2.92kb[0m
[90mGET /stylesheets/style.css [36m304 [90m1ms[0m
[90mGET /scripts/uord.js [36m304 [90m1ms[0m
[90mGET /users?keyid=0 [32m200 [90m1522ms - 2.92kb[0m
[90mGET /stylesheets/style.css [36m304 [90m1ms[0m
[90mGET /scripts/uord.js [36m304 [90m0ms[0m
[90mGET / [32m200 [90m35ms - 447b[0m
[90mGET /stylesheets/style.css [36m304 [90m1ms[0m
[90mGET /users [36m304 [90m1524ms[0m
[90mGET /stylesheets/style.css [36m304 [90m1ms[0m
[90mGET /scripts/uord.js [36m304 [90m5ms[0m
[90mDELETE /0 [32m200 [90m1480ms[0m
[90mGET /users [32m200 [90m1606ms - 2.71kb[0m
[90mGET /stylesheets/style.css [36m304 [90m0ms[0m
[90mGET /scripts/uord.js [36m304 [90m0ms[0m
[90mGET /users [36m304 [90m1628ms[0m
[90mGET /stylesheets/style.css [36m304 [90m1ms[0m
[90mGET /scripts/uord.js [32m200 [90m5ms - 425b[0m
[90mGET /users?keyid=9 [32m200 [90m1547ms - 2.71kb[0m
[90mDELETE /9 [32m200 [90m1502ms[0m
[90mGET /stylesheets/style.css [36m304 [90m0ms[0m
[90mGET /scripts/uord.js [36m304 [90m1ms[0m
[90mGET /users?keyid=9 [32m200 [90m1550ms - 2.46kb[0m
[90mDELETE /9 [32m200 [90m1549ms[0m
[90mGET /users?keyid=9 [32m200 [90m1522ms - 2.46kb[0m
[90mGET /stylesheets/style.css [36m304 [90m1ms[0m
[90mGET /scripts/uord.js [36m304 [90m1ms[0m
[90mGET /users?keyid=4 [32m200 [90m1575ms - 2.46kb[0m
[90mDELETE /4 [32m200 [90m1574ms[0m
[90mGET /stylesheets/style.css [36m304 [90m2ms[0m
[90mGET /scripts/uord.js [36m304 [90m1ms[0m
[90mGET /users?keyid=4 [32m200 [90m1529ms - 2.24kb[0m
[90mGET /stylesheets/style.css [36m304 [90m1ms[0m
[90mGET /scripts/uord.js [36m304 [90m1ms[0m
[90mGET /scripts/uord.js [36m304 [90m1ms[0m
[90mGET /stylesheets/style.css [36m304 [90m1ms[0m
[90mGET / [32m200 [90m30ms - 447b[0m
[90mGET /stylesheets/style.css [36m304 [90m1ms[0m
[90mGET / [32m200 [90m106ms - 694b[0m
[90mGET /stylesheets/style.css [36m304 [90m2ms[0m
[90mGET / [32m200 [90m43ms - 693b[0m
[90mGET /stylesheets/style.css [36m304 [90m1ms[0m
[90mGET / [32m200 [90m64ms - 699b[0m
[90mGET /stylesheets/style.css [36m304 [90m1ms[0m
[90mGET / [32m200 [90m42ms - 695b[0m
[90mGET /stylesheets/style.css [36m304 [90m1ms[0m
[90mGET /users [32m200 [90m1564ms - 2.24kb[0m
[90mGET /stylesheets/style.css [36m304 [90m11ms[0m
[90mGET /scripts/uord.js [36m304 [90m2ms[0m
[90mGET /users [32m200 [90m1599ms - 2.24kb[0m
[90mGET /stylesheets/style.css [36m304 [90m1ms[0m
[90mGET /scripts/uord.js [36m304 [90m0ms[0m
[90mGET /users [32m200 [90m1600ms - 2.75kb[0m
[90mGET /stylesheets/style.css [36m304 [90m2ms[0m
[90mGET /scripts/uord.js [32m200 [90m2ms - 544b[0m
[90mGET /users [32m200 [90m1603ms - 2.77kb[0m
[90mGET /stylesheets/style.css [36m304 [90m1ms[0m
[90mGET /scripts/uord.js [36m304 [90m2ms[0m
[90mGET /users [32m200 [90m1579ms - 2.62kb[0m
[90mGET /stylesheets/style.css [36m304 [90m2ms[0m
[90mGET /scripts/uord.js [36m304 [90m1ms[0m
[90mGET /users [32m200 [90m1497ms - 2.67kb[0m
[90mGET /stylesheets/style.css [36m304 [90m1ms[0m
[90mGET /scripts/uord.js [36m304 [90m1ms[0m
[90mGET /users?2=2&1=1 [32m200 [90m1564ms - 2.67kb[0m
[90mGET /stylesheets/style.css [36m304 [90m2ms[0m
[90mGET /scripts/uord.js [36m304 [90m1ms[0m
[90mGET / [32m200 [90m57ms - 695b[0m
[90mGET /stylesheets/style.css [36m304 [90m1ms[0m
[90mGET /users [36m304 [90m1447ms[0m
[90mGET /stylesheets/style.css [36m304 [90m1ms[0m
[90mGET /scripts/uord.js [36m304 [90m1ms[0m
[90mGET /users [36m304 [90m1607ms[0m
[90mGET /stylesheets/style.css [36m304 [90m1ms[0m
[90mGET /scripts/uord.js [32m200 [90m4ms - 545b[0m
[90mGET /users?2=2&1=1 [36m304 [90m1526ms[0m
[90mGET /scripts/uord.js [36m304 [90m1ms[0m
[90mGET /stylesheets/style.css [36m304 [90m1ms[0m
[90mGET /users?2=2&1=1 [36m304 [90m1596ms[0m
[90mGET /stylesheets/style.css [36m304 [90m1ms[0m
[90mGET /scripts/uord.js [36m304 [90m0ms[0m
[90mGET /users?2=2&1=1 [36m304 [90m1582ms[0m
[90mGET /stylesheets/style.css [36m304 [90m0ms[0m
[90mGET /scripts/uord.js [36m304 [90m1ms[0m
[90mGET /users?2=2&1=1 [36m304 [90m1549ms[0m
[90mGET /stylesheets/style.css [36m304 [90m0ms[0m
[90mGET /scripts/uord.js [32m200 [90m2ms - 569b[0m
[90mGET /users?2=2&1=1 [36m304 [90m1538ms[0m
[90mGET /scripts/uord.js [36m304 [90m1ms[0m
[90mGET /stylesheets/style.css [36m304 [90m5ms[0m
[90mGET /users?2=2&1=1 [36m304 [90m1499ms[0m
[90mGET /stylesheets/style.css [36m304 [90m1ms[0m
[90mGET /scripts/uord.js [32m200 [90m5ms - 570b[0m
[90mGET / [32m200 [90m35ms - 695b[0m
[90mGET /stylesheets/style.css [36m304 [90m1ms[0m
[90mGET /users [36m304 [90m1561ms[0m
[90mGET /stylesheets/style.css [36m304 [90m1ms[0m
[90mGET /scripts/uord.js [36m304 [90m1ms[0m
[90mGET /users?2=2&1=1 [36m304 [90m1530ms[0m
[90mGET /stylesheets/style.css [36m304 [90m1ms[0m
[90mGET /scripts/uord.js [36m304 [90m1ms[0m
[90mGET /users?2=2&1=1 [36m304 [90m1577ms[0m
[90mGET /stylesheets/style.css [36m304 [90m2ms[0m
[90mGET /users?2=2&1=1 [36m304 [90m1487ms[0m
[90mGET /stylesheets/style.css [36m304 [90m1ms[0m
[90mGET /scripts/uord.js [36m304 [90m1ms[0m
[90mGET /users?2=2&1=1 [36m304 [90m1553ms[0m
[90mGET /stylesheets/style.css [36m304 [90m1ms[0m
[90mGET /scripts/uord.js [32m200 [90m2ms - 546b[0m
[90mGET /users?2=2&1=1 [36m304 [90m1590ms[0m
[90mGET /stylesheets/style.css [36m304 [90m0ms[0m
[90mGET /scripts/uord.js [36m304 [90m0ms[0m
[90mGET /users?2=2&1=1 [36m304 [90m1560ms[0m
[90mGET /stylesheets/style.css [36m304 [90m1ms[0m
[90mGET /scripts/uord.js [32m200 [90m1ms - 552b[0m
[90mGET /users?2=2&1=1 [36m304 [90m1545ms[0m
[90mGET /stylesheets/style.css [36m304 [90m2ms[0m
[90mGET /scripts/uord.js [36m304 [90m2ms[0m
[90mGET /users?2=2&1=1 [36m304 [90m1578ms[0m
[90mGET /stylesheets/style.css [36m304 [90m0ms[0m
[90mGET /scripts/uord.js [32m200 [90m5ms - 476b[0m
[90mGET /users?5=5&8=8&6=6&7=7 [32m200 [90m1513ms - 2.67kb[0m
[90mGET /stylesheets/style.css [36m304 [90m1ms[0m
[90mGET /scripts/uord.js [36m304 [90m1ms[0m
[90mGET /users?5=5&8=8&6=6&7=7 [36m304 [90m1606ms[0m
[90mGET /stylesheets/style.css [36m304 [90m2ms[0m
[90mGET /scripts/uord.js [32m200 [90m1ms - 488b[0m
[90mGET /users?5=5&8=8 [32m200 [90m1580ms - 2.67kb[0m
[90mGET /stylesheets/style.css [36m304 [90m1ms[0m
[90mGET /scripts/uord.js [36m304 [90m1ms[0m
[90mGET /users?5=5&8=8 [36m304 [90m1563ms[0m
[90mGET /stylesheets/style.css [36m304 [90m2ms[0m
[90mGET /scripts/uord.js [32m200 [90m2ms - 495b[0m
[90mGET /users?5=5&8=8 [36m304 [90m1549ms[0m
[90mGET /stylesheets/style.css [36m304 [90m1ms[0m
[90mGET /scripts/uord.js [36m304 [90m1ms[0m
[90mGET /users?2=2&1=1 [36m304 [90m1605ms[0m
[90mGET /stylesheets/style.css [36m304 [90m1ms[0m
[90mGET /scripts/uord.js [32m200 [90m1ms - 533b[0m
[90mGET /users?2=2&1=1 [36m304 [90m1548ms[0m
[90mGET /stylesheets/style.css [36m304 [90m2ms[0m
[90mGET /scripts/uord.js [32m200 [90m3ms - 530b[0m
[90mGET /users?5=5&8=8 [36m304 [90m1538ms[0m
[90mGET /stylesheets/style.css [36m304 [90m1ms[0m
[90mGET /scripts/uord.js [36m304 [90m1ms[0m
[90mGET /users?5=5&8=8 [36m304 [90m1483ms[0m
[90mGET /stylesheets/style.css [36m304 [90m1ms[0m
[90mGET /scripts/uord.js [32m200 [90m3ms - 512b[0m
[90mGET /users?5=5&8=8 [36m304 [90m1526ms[0m
[90mGET /stylesheets/style.css [36m304 [90m1ms[0m
[90mGET /scripts/uord.js [36m304 [90m1ms[0m
[90mGET /users?5=5&8=8 [36m304 [90m1623ms[0m
[90mGET /stylesheets/style.css [36m304 [90m1ms[0m
[90mGET /scripts/uord.js [36m304 [90m1ms[0m
[90mGET /users?5=5&8=8 [32m200 [90m1429ms - 2.64kb[0m
[90mGET /stylesheets/style.css [36m304 [90m2ms[0m
[90mGET /scripts/uord.js [32m200 [90m2ms - 499b[0m
[90mDELETE /5 [32m200 [90m1474ms[0m
[90mDELETE /8 [32m200 [90m1481ms[0m
[90mGET /users?keyid%5B%5D=5&keyid%5B%5D=8 [32m200 [90m1572ms - 2.04kb[0m
[90mGET /scripts/uord.js [36m304 [90m0ms[0m
[90mGET /stylesheets/style.css [36m304 [90m0ms[0m
[90mGET /users?keyid%5B%5D=5&keyid%5B%5D=8 [36m304 [90m1559ms[0m
[90mGET /stylesheets/style.css [36m304 [90m1ms[0m
[90mGET /scripts/uord.js [36m304 [90m2ms[0m
[90mGET /users?keyid%5B%5D=5&keyid%5B%5D=8 [36m304 [90m1562ms[0m
[90mGET /scripts/uord.js [36m304 [90m1ms[0m
[90mGET /stylesheets/style.css [36m304 [90m0ms[0m
[90mGET /users?keyid%5B%5D=5&keyid%5B%5D=8 [36m304 [90m1563ms[0m
[90mGET /stylesheets/style.css [36m304 [90m1ms[0m
[90mGET /scripts/uord.js [32m200 [90m1ms - 526b[0m
[90mGET /users?keyid%5B%5D=5&keyid%5B%5D=8 [36m304 [90m1497ms[0m
[90mGET /stylesheets/style.css [36m304 [90m1ms[0m
[90mGET /scripts/uord.js [36m304 [90m1ms[0m
[90mGET /users?keyid%5B%5D=5&keyid%5B%5D=8 [32m200 [90m1597ms - 1.9kb[0m
[90mGET /scripts/uord.js [36m304 [90m11ms[0m
[90mGET /stylesheets/style.css [36m304 [90m1ms[0m
[90mGET /edit [32m200 [90m1516ms[0m

> rest@0.0.1 start /home/kenchlig/node.kenchlightyear.com/rest
> node app.js

Express server listening on port 3000
[90mGET /users?keyid%5B%5D=5&keyid%5B%5D=8 [36m304 [90m3198ms[0m
[90mGET /stylesheets/style.css [36m304 [90m6ms[0m
[90mGET /scripts/uord.js [36m304 [90m2ms[0m
[90mGET /users?keyid%5B%5D=6 [32m200 [90m1794ms - 1.9kb[0m
[90mDELETE /6 [32m200 [90m1794ms[0m
[90mGET /scripts/uord.js [36m304 [90m3ms[0m
[90mGET /stylesheets/style.css [36m304 [90m2ms[0m
[90mGET /users?keyid%5B%5D=6 [32m200 [90m1787ms - 1.63kb[0m
[90mGET /stylesheets/style.css [36m304 [90m2ms[0m
[90mGET /scripts/uord.js [32m200 [90m7ms - 438b[0m
[90mDELETE /7 [32m200 [90m1459ms[0m
[90mGET /users?keyid%5B%5D=7 [32m200 [90m1684ms - 1.35kb[0m
[90mGET /stylesheets/style.css [36m304 [90m1ms[0m
[90mGET /scripts/uord.js [36m304 [90m1ms[0m
[90mGET /users?keyid%5B%5D=1 [32m200 [90m1593ms - 1.35kb[0m
[90mDELETE /1 [32m200 [90m1590ms[0m
[90mGET /scripts/uord.js [32m200 [90m2ms - 419b[0m
[90mGET /stylesheets/style.css [36m304 [90m1ms[0m
[90mGET /users?keyid%5B%5D=1 [32m200 [90m1577ms - 1.09kb[0m
[90mDELETE /1 [32m200 [90m1580ms[0m
[90mGET /scripts/uord.js [36m304 [90m1ms[0m
[90mGET /stylesheets/style.css [36m304 [90m0ms[0m
[90mDELETE /2 [32m200 [90m1480ms[0m
[90mGET /users?keyid%5B%5D=2 [32m200 [90m1508ms - 843b[0m
[90mGET /scripts/uord.js [32m200 [90m2ms - 502b[0m
[90mGET /stylesheets/style.css [36m304 [90m0ms[0m
[90mGET /add [32m200 [90m19ms - 524b[0m
[90mGET /stylesheets/style.css [36m304 [90m1ms[0m

> rest@0.0.1 start /home/kenchlig/node.kenchlightyear.com/rest
> node app.js

Express server listening on port 3000
[90mGET /add [32m200 [90m432ms - 528b[0m
[90mGET /stylesheets/style.css [36m304 [90m7ms[0m
[90mPOST /add [32m200 [90m1580ms - 707b[0m
[90mGET /stylesheets/style.css [36m304 [90m2ms[0m
[90mGET /add [32m200 [90m57ms - 528b[0m
[90mGET /stylesheets/style.css [36m304 [90m1ms[0m
[90mPOST /add [32m200 [90m1649ms - 707b[0m
[90mGET /stylesheets/style.css [36m304 [90m2ms[0m
[90mGET /users [32m200 [90m1640ms - 1.37kb[0m
[90mGET /stylesheets/style.css [36m304 [90m1ms[0m
[90mGET /scripts/uord.js [36m304 [90m1ms[0m
[90mGET /edit [32m200 [90m1411ms[0m
[90mDELETE /11 [32m200 [90m1493ms[0m
[90mGET /users?keyid%5B%5D=11 [32m200 [90m1641ms - 1.08kb[0m
[90mGET /users?keyid%5B%5D=11 [32m200 [90m1590ms - 1.08kb[0m
[90mGET /stylesheets/style.css [36m304 [90m1ms[0m
[90mGET /scripts/uord.js [36m304 [90m0ms[0m
[90mGET /add [32m200 [90m49ms - 528b[0m
[90mGET /stylesheets/style.css [36m304 [90m1ms[0m
[90mPOST /add [32m200 [90m1488ms - 707b[0m
[90mGET /stylesheets/style.css [36m304 [90m0ms[0m
[90mGET /users [32m200 [90m1561ms - 1.36kb[0m
[90mGET /stylesheets/style.css [36m304 [90m1ms[0m
[90mGET /scripts/uord.js [36m304 [90m0ms[0m
[90mGET /edit [32m200 [90m1500ms[0m
[90mGET / [32m200 [90m26ms - 695b[0m
[90mGET /stylesheets/style.css [36m304 [90m0ms[0m
[90mGET /add [32m200 [90m31ms - 528b[0m
[90mGET /stylesheets/style.css [36m304 [90m0ms[0m
[90mGET /users [36m304 [90m1531ms[0m
[90mGET /scripts/uord.js [36m304 [90m2ms[0m
[90mGET /stylesheets/style.css [36m304 [90m0ms[0m
[90mGET /edit [32m200 [90m1484ms[0m

> rest@0.0.1 start /home/kenchlig/node.kenchlightyear.com/rest
> node app.js

Express server listening on port 3000
[90mGET / [32m200 [90m573ms - 695b[0m
[90mGET /stylesheets/style.css [36m304 [90m4ms[0m
[90mGET /users [36m304 [90m1687ms[0m
[90mGET /stylesheets/style.css [36m304 [90m4ms[0m
[90mGET /scripts/uord.js [36m304 [90m0ms[0m
[90mGET /edit [32m200 [90m1484ms[0m

> rest@0.0.1 start /home/kenchlig/node.kenchlightyear.com/rest
> node app.js

Express server listening on port 3000
[90mGET / [32m200 [90m633ms - 695b[0m
[90mGET /stylesheets/style.css [36m304 [90m6ms[0m
[90mGET /users [36m304 [90m1785ms[0m
[90mGET /scripts/uord.js [36m304 [90m2ms[0m
[90mGET /stylesheets/style.css [36m304 [90m1ms[0m
[90mGET /edit [32m200 [90m74ms - 524b[0m
[90mGET /stylesheets/style.css [36m304 [90m3ms[0m
[90mGET /users [32m200 [90m1908ms - 1.49kb[0m
[90mGET /stylesheets/style.css [36m304 [90m3ms[0m
[90mGET /scripts/uord.js [36m304 [90m2ms[0m
[90mGET /edit?id=2&name= [32m200 [90m96ms - 524b[0m
[90mGET /stylesheets/style.css [36m304 [90m2ms[0m
[90mGET /users [36m304 [90m1803ms[0m
[90mGET /stylesheets/style.css [36m304 [90m5ms[0m
[90mGET /scripts/uord.js [36m304 [90m2ms[0m
[90mGET /users [32m200 [90m1760ms - 1.47kb[0m
[90mGET /stylesheets/style.css [36m304 [90m2ms[0m
[90mGET /scripts/uord.js [36m304 [90m1ms[0m
[90mGET /users [32m200 [90m1487ms - 1.46kb[0m
[90mGET /scripts/uord.js [36m304 [90m0ms[0m
[90mGET /stylesheets/style.css [36m304 [90m1ms[0m
[90mGET /edit?id=2&name=kench&pro=none [32m200 [90m26ms - 524b[0m
[90mGET /stylesheets/style.css [36m304 [90m1ms[0m
[90mGET /edit?id=2&name=kench&pro=none [32m200 [90m62ms - 542b[0m
[90mGET /stylesheets/style.css [36m304 [90m1ms[0m
[90mGET /edit?id=2&name=kench&pro=none [32m200 [90m39ms - 542b[0m
[90mGET /stylesheets/style.css [36m304 [90m2ms[0m
[90mGET /edit?id=2&name=kench&pro=none [32m200 [90m43ms - 540b[0m
[90mGET /stylesheets/style.css [36m304 [90m1ms[0m
[90mGET /edit?id=2&name=kench&pro=none [32m200 [90m39ms - 540b[0m
[90mGET /stylesheets/style.css [36m304 [90m1ms[0m
[90mGET /edit?id=2&name=kench&pro=none [32m200 [90m27ms - 540b[0m
[90mGET /stylesheets/style.css [36m304 [90m2ms[0m
[90mGET /edit?id=2&name=kench&pro=none [32m200 [90m13ms - 540b[0m
[90mGET /stylesheets/style.css [36m304 [90m0ms[0m
[90mGET /edit?id=2&name=kench&pro=none [32m200 [90m17ms - 540b[0m
[90mGET /stylesheets/style.css [36m304 [90m4ms[0m
Warning: missing space before text for line 20 of jade file "/home/kenchlig/node.kenchlightyear.com/rest/views/edit.jade"
[90mGET /edit?id=2&name=kench&pro=none [32m200 [90m25ms - 517b[0m
[90mGET /stylesheets/style.css [36m304 [90m1ms[0m
Warning: missing space before text for line 20 of jade file "/home/kenchlig/node.kenchlightyear.com/rest/views/edit.jade"
[90mGET /edit?id=2&name=kench&pro=none [32m200 [90m21ms - 517b[0m
[90mGET /stylesheets/style.css [36m304 [90m2ms[0m
Warning: missing space before text for line 20 of jade file "/home/kenchlig/node.kenchlightyear.com/rest/views/edit.jade"
[90mGET /edit?id=2&name=kench&pro=none [32m200 [90m19ms - 517b[0m
[90mGET /stylesheets/style.css [36m304 [90m1ms[0m
Warning: missing space before text for line 20 of jade file "/home/kenchlig/node.kenchlightyear.com/rest/views/edit.jade"
[90mGET /edit?id=2&name=kench&pro=none [32m200 [90m58ms - 517b[0m
[90mGET /stylesheets/style.css [36m304 [90m1ms[0m
Warning: missing space before text for line 20 of jade file "/home/kenchlig/node.kenchlightyear.com/rest/views/edit.jade"
[90mGET /edit?id=2&name=kench&pro=none [32m200 [90m15ms - 517b[0m
[90mGET /stylesheets/style.css [36m304 [90m1ms[0m
Warning: missing space before text for line 20 of jade file "/home/kenchlig/node.kenchlightyear.com/rest/views/edit.jade"
[90mGET /edit?id=2&name=kench&pro=none [32m200 [90m20ms - 517b[0m
[90mGET /stylesheets/style.css [36m304 [90m1ms[0m
[90mGET /edit?id=2&name=kench&pro=none [32m200 [90m30ms - 540b[0m
[90mGET /stylesheets/style.css [36m304 [90m2ms[0m
[90mGET / [32m200 [90m39ms - 695b[0m
[90mGET /stylesheets/style.css [36m304 [90m1ms[0m
[90mGET /users [36m304 [90m1525ms[0m
[90mGET /stylesheets/style.css [36m304 [90m6ms[0m
[90mGET /scripts/uord.js [36m304 [90m1ms[0m
[90mGET /edit?id=2&name=kench&pro=none [32m200 [90m25ms - 540b[0m
[90mGET /stylesheets/style.css [36m304 [90m1ms[0m
[90mGET /users [36m304 [90m1496ms[0m
[90mGET /stylesheets/style.css [36m304 [90m1ms[0m
[90mGET /scripts/uord.js [36m304 [90m1ms[0m
[90mGET /edit?id=2&name=kench&pro=none [32m200 [90m20ms - 540b[0m
[90mGET /stylesheets/style.css [36m304 [90m1ms[0m
[90mGET / [32m200 [90m66ms - 695b[0m
[90mGET /stylesheets/style.css [36m304 [90m1ms[0m
[90mGET /users [36m304 [90m1559ms[0m
[90mGET /stylesheets/style.css [36m304 [90m6ms[0m
[90mGET /scripts/uord.js [36m304 [90m1ms[0m
[90mGET /edit?id=2&name=kench&pro=none [32m200 [90m132ms - 540b[0m
[90mGET /stylesheets/style.css [36m304 [90m1ms[0m
[90mGET /edit?id=2&name=kench&pro=none [32m200 [90m202ms - 540b[0m
[90mGET /stylesheets/style.css [36m304 [90m1ms[0m
[90mGET /edit?id=2&name=kench&pro=none [32m200 [90m80ms - 540b[0m
[90mGET /stylesheets/style.css [36m304 [90m2ms[0m
Warning: missing space before text for line 21 of jade file "/home/kenchlig/node.kenchlightyear.com/rest/views/edit.jade"
[90mGET /edit?id=2&name=kench&pro=none [32m200 [90m52ms - 541b[0m
[90mGET /stylesheets/style.css [36m304 [90m1ms[0m
Warning: missing space before text for line 21 of jade file "/home/kenchlig/node.kenchlightyear.com/rest/views/edit.jade"
[90mGET /edit?id=2&name=kench&pro=none [32m200 [90m36ms - 541b[0m
Warning: missing space before text for line 21 of jade file "/home/kenchlig/node.kenchlightyear.com/rest/views/edit.jade"
[90mGET /edit?id=2&name=kench&pro=none [32m200 [90m38ms - 543b[0m
[90mGET /stylesheets/style.css [36m304 [90m0ms[0m
Warning: missing space before text for line 21 of jade file "/home/kenchlig/node.kenchlightyear.com/rest/views/edit.jade"
[90mGET /edit?id=2&name=kench&pro=none [32m200 [90m24ms - 561b[0m
[90mGET /stylesheets/style.css [36m304 [90m1ms[0m
Warning: missing space before text for line 21 of jade file "/home/kenchlig/node.kenchlightyear.com/rest/views/edit.jade"
[90mGET /edit?id=2&name=kench&pro=none [32m200 [90m53ms - 561b[0m
[90mGET /stylesheets/style.css [36m304 [90m1ms[0m
Warning: missing space before text for line 21 of jade file "/home/kenchlig/node.kenchlightyear.com/rest/views/edit.jade"
[90mGET /edit?id=2&name=kench&pro=none [32m200 [90m29ms - 561b[0m
[90mGET /stylesheets/style.css [36m304 [90m1ms[0m
Warning: missing space before text for line 21 of jade file "/home/kenchlig/node.kenchlightyear.com/rest/views/edit.jade"
[90mGET /edit?id=1&name=joeb&pro=sysad [32m200 [90m23ms - 561b[0m
[90mGET /stylesheets/style.css [36m304 [90m0ms[0m
Warning: missing space before text for line 21 of jade file "/home/kenchlig/node.kenchlightyear.com/rest/views/edit.jade"
[90mGET /edit?id=3&name=liezel&pro=teacher [32m200 [90m12ms - 561b[0m
[90mGET /stylesheets/style.css [36m304 [90m0ms[0m
[90mGET / [32m200 [90m28ms - 695b[0m
[90mGET /stylesheets/style.css [36m304 [90m1ms[0m
[90mGET /users [36m304 [90m1552ms[0m
[90mGET /scripts/uord.js [36m304 [90m2ms[0m
[90mGET /stylesheets/style.css [36m304 [90m2ms[0m
Warning: missing space before text for line 21 of jade file "/home/kenchlig/node.kenchlightyear.com/rest/views/edit.jade"
[90mGET /edit?id=2&name=kench&pro=none [32m200 [90m30ms - 561b[0m
[90mGET /stylesheets/style.css [36m304 [90m0ms[0m

> rest@0.0.1 start /home/kenchlig/node.kenchlightyear.com/rest
> node app.js

Express server listening on port 3000
[90mGET /edit?id=2&name=kench&pro=none [32m200 [90m531ms - 536b[0m
[90mGET /users [36m304 [90m2035ms[0m
[90mGET /stylesheets/style.css [36m304 [90m4ms[0m
Error: /home/kenchlig/node.kenchlightyear.com/rest/views/edit.jade:13
    11|         td
    12|           #{id} 
  > 13|           input(type="hidden, name="id")
    14|       tr
    15|         td name
    16|         td

The end of the string was reached with no closing bracket found.
    at Function.parseMax (/home/kenchlig/node.kenchlightyear.com/rest/node_modules/character-parser/index.js:26:13)
    at Object.bracketExpression (/home/kenchlig/node.kenchlightyear.com/rest/node_modules/jade/lib/lexer.js:129:33)
    at Object.attrs (/home/kenchlig/node.kenchlightyear.com/rest/node_modules/jade/lib/lexer.js:610:24)
    at Object.next (/home/kenchlig/node.kenchlightyear.com/rest/node_modules/jade/lib/lexer.js:939:15)
    at Object.lookahead (/home/kenchlig/node.kenchlightyear.com/rest/node_modules/jade/lib/lexer.js:113:46)
    at Parser.lookahead (/home/kenchlig/node.kenchlightyear.com/rest/node_modules/jade/lib/parser.js:102:23)
    at Parser.peek (/home/kenchlig/node.kenchlightyear.com/rest/node_modules/jade/lib/parser.js:79:17)
    at Parser.tag (/home/kenchlig/node.kenchlightyear.com/rest/node_modules/jade/lib/parser.js:773:22)
    at Parser.parseTag (/home/kenchlig/node.kenchlightyear.com/rest/node_modules/jade/lib/parser.js:759:17)
    at Parser.parseExpr (/home/kenchlig/node.kenchlightyear.com/rest/node_modules/jade/lib/parser.js:211:21)
[90mGET /edit?id=2&name=kench&pro=none [31m500 [90m9ms[0m
Error: /home/kenchlig/node.kenchlightyear.com/rest/views/edit.jade:13
    11|         td
    12|           #{id} 
  > 13|           input(type="hidden, name="id")
    14|       tr
    15|         td name
    16|         td

The end of the string was reached with no closing bracket found.
    at Function.parseMax (/home/kenchlig/node.kenchlightyear.com/rest/node_modules/character-parser/index.js:26:13)
    at Object.bracketExpression (/home/kenchlig/node.kenchlightyear.com/rest/node_modules/jade/lib/lexer.js:129:33)
    at Object.attrs (/home/kenchlig/node.kenchlightyear.com/rest/node_modules/jade/lib/lexer.js:610:24)
    at Object.next (/home/kenchlig/node.kenchlightyear.com/rest/node_modules/jade/lib/lexer.js:939:15)
    at Object.lookahead (/home/kenchlig/node.kenchlightyear.com/rest/node_modules/jade/lib/lexer.js:113:46)
    at Parser.lookahead (/home/kenchlig/node.kenchlightyear.com/rest/node_modules/jade/lib/parser.js:102:23)
    at Parser.peek (/home/kenchlig/node.kenchlightyear.com/rest/node_modules/jade/lib/parser.js:79:17)
    at Parser.tag (/home/kenchlig/node.kenchlightyear.com/rest/node_modules/jade/lib/parser.js:773:22)
    at Parser.parseTag (/home/kenchlig/node.kenchlightyear.com/rest/node_modules/jade/lib/parser.js:759:17)
    at Parser.parseExpr (/home/kenchlig/node.kenchlightyear.com/rest/node_modules/jade/lib/parser.js:211:21)
[90mGET /edit?id=2&name=kench&pro=none [31m500 [90m12ms[0m
[90mGET /users [32m200 [90m1655ms - 1.46kb[0m
Error: /home/kenchlig/node.kenchlightyear.com/rest/views/edit.jade:13
    11|         td
    12|           #{id} 
  > 13|           input(type="hidden, name="id")
    14|       tr
    15|         td name
    16|         td

The end of the string was reached with no closing bracket found.
    at Function.parseMax (/home/kenchlig/node.kenchlightyear.com/rest/node_modules/character-parser/index.js:26:13)
    at Object.bracketExpression (/home/kenchlig/node.kenchlightyear.com/rest/node_modules/jade/lib/lexer.js:129:33)
    at Object.attrs (/home/kenchlig/node.kenchlightyear.com/rest/node_modules/jade/lib/lexer.js:610:24)
    at Object.next (/home/kenchlig/node.kenchlightyear.com/rest/node_modules/jade/lib/lexer.js:939:15)
    at Object.lookahead (/home/kenchlig/node.kenchlightyear.com/rest/node_modules/jade/lib/lexer.js:113:46)
    at Parser.lookahead (/home/kenchlig/node.kenchlightyear.com/rest/node_modules/jade/lib/parser.js:102:23)
    at Parser.peek (/home/kenchlig/node.kenchlightyear.com/rest/node_modules/jade/lib/parser.js:79:17)
    at Parser.tag (/home/kenchlig/node.kenchlightyear.com/rest/node_modules/jade/lib/parser.js:773:22)
    at Parser.parseTag (/home/kenchlig/node.kenchlightyear.com/rest/node_modules/jade/lib/parser.js:759:17)
    at Parser.parseExpr (/home/kenchlig/node.kenchlightyear.com/rest/node_modules/jade/lib/parser.js:211:21)
[90mGET /edit?id=2&name=kench&pro=none [31m500 [90m11ms[0m
Error: /home/kenchlig/node.kenchlightyear.com/rest/views/edit.jade:12
    10|         td  id
    11|         td
  > 12|           input(type="hidden, name="id", value="#{id}")
    13|           #{id}
    14|       tr
    15|         td name

The end of the string was reached with no closing bracket found.
    at Function.parseMax (/home/kenchlig/node.kenchlightyear.com/rest/node_modules/character-parser/index.js:26:13)
    at Object.bracketExpression (/home/kenchlig/node.kenchlightyear.com/rest/node_modules/jade/lib/lexer.js:129:33)
    at Object.attrs (/home/kenchlig/node.kenchlightyear.com/rest/node_modules/jade/lib/lexer.js:610:24)
    at Object.next (/home/kenchlig/node.kenchlightyear.com/rest/node_modules/jade/lib/lexer.js:939:15)
    at Object.lookahead (/home/kenchlig/node.kenchlightyear.com/rest/node_modules/jade/lib/lexer.js:113:46)
    at Parser.lookahead (/home/kenchlig/node.kenchlightyear.com/rest/node_modules/jade/lib/parser.js:102:23)
    at Parser.peek (/home/kenchlig/node.kenchlightyear.com/rest/node_modules/jade/lib/parser.js:79:17)
    at Parser.tag (/home/kenchlig/node.kenchlightyear.com/rest/node_modules/jade/lib/parser.js:773:22)
    at Parser.parseTag (/home/kenchlig/node.kenchlightyear.com/rest/node_modules/jade/lib/parser.js:759:17)
    at Parser.parseExpr (/home/kenchlig/node.kenchlightyear.com/rest/node_modules/jade/lib/parser.js:211:21)
[90mGET /edit?id=2&name=kench&pro=none [31m500 [90m8ms[0m
[90mGET /edit?id=2&name=kench&pro=none [32m200 [90m169ms - 553b[0m
[90mGET /stylesheets/style.css [36m304 [90m1ms[0m
Error: /home/kenchlig/node.kenchlightyear.com/rest/views/edit.jade:12
    10|         td  id
    11|         td
  > 12|           input(type="hidden, name="id", value=id)
    13|           #{id}
    14|       tr
    15|         td name

The end of the string was reached with no closing bracket found.
    at Function.parseMax (/home/kenchlig/node.kenchlightyear.com/rest/node_modules/character-parser/index.js:26:13)
    at Object.bracketExpression (/home/kenchlig/node.kenchlightyear.com/rest/node_modules/jade/lib/lexer.js:129:33)
    at Object.attrs (/home/kenchlig/node.kenchlightyear.com/rest/node_modules/jade/lib/lexer.js:610:24)
    at Object.next (/home/kenchlig/node.kenchlightyear.com/rest/node_modules/jade/lib/lexer.js:939:15)
    at Object.lookahead (/home/kenchlig/node.kenchlightyear.com/rest/node_modules/jade/lib/lexer.js:113:46)
    at Parser.lookahead (/home/kenchlig/node.kenchlightyear.com/rest/node_modules/jade/lib/parser.js:102:23)
    at Parser.peek (/home/kenchlig/node.kenchlightyear.com/rest/node_modules/jade/lib/parser.js:79:17)
    at Parser.tag (/home/kenchlig/node.kenchlightyear.com/rest/node_modules/jade/lib/parser.js:773:22)
    at Parser.parseTag (/home/kenchlig/node.kenchlightyear.com/rest/node_modules/jade/lib/parser.js:759:17)
    at Parser.parseExpr (/home/kenchlig/node.kenchlightyear.com/rest/node_modules/jade/lib/parser.js:211:21)
[90mGET /edit?id=2&name=kench&pro=none [31m500 [90m8ms[0m
Error: /home/kenchlig/node.kenchlightyear.com/rest/views/edit.jade:13
    11|         td  id
    12|         td
  > 13|           input(type="hidden, name="id", value="#{id}")
    14|           #{id}
    15|       tr
    16|         td name

The end of the string was reached with no closing bracket found.
    at Function.parseMax (/home/kenchlig/node.kenchlightyear.com/rest/node_modules/character-parser/index.js:26:13)
    at Object.bracketExpression (/home/kenchlig/node.kenchlightyear.com/rest/node_modules/jade/lib/lexer.js:129:33)
    at Object.attrs (/home/kenchlig/node.kenchlightyear.com/rest/node_modules/jade/lib/lexer.js:610:24)
    at Object.next (/home/kenchlig/node.kenchlightyear.com/rest/node_modules/jade/lib/lexer.js:939:15)
    at Object.lookahead (/home/kenchlig/node.kenchlightyear.com/rest/node_modules/jade/lib/lexer.js:113:46)
    at Parser.lookahead (/home/kenchlig/node.kenchlightyear.com/rest/node_modules/jade/lib/parser.js:102:23)
    at Parser.peek (/home/kenchlig/node.kenchlightyear.com/rest/node_modules/jade/lib/parser.js:79:17)
    at Parser.tag (/home/kenchlig/node.kenchlightyear.com/rest/node_modules/jade/lib/parser.js:773:22)
    at Parser.parseTag (/home/kenchlig/node.kenchlightyear.com/rest/node_modules/jade/lib/parser.js:759:17)
    at Parser.parseExpr (/home/kenchlig/node.kenchlightyear.com/rest/node_modules/jade/lib/parser.js:211:21)
[90mGET /edit?id=2&name=kench&pro=none [31m500 [90m19ms[0m
Error: /home/kenchlig/node.kenchlightyear.com/rest/views/edit.jade:13
    11|         td  id=#{id}
    12|         td
  > 13|           input(type="hidden, name="id", value="#{id}")
    14|       tr
    15|         td name
    16|         td

The end of the string was reached with no closing bracket found.
    at Function.parseMax (/home/kenchlig/node.kenchlightyear.com/rest/node_modules/character-parser/index.js:26:13)
    at Object.bracketExpression (/home/kenchlig/node.kenchlightyear.com/rest/node_modules/jade/lib/lexer.js:129:33)
    at Object.attrs (/home/kenchlig/node.kenchlightyear.com/rest/node_modules/jade/lib/lexer.js:610:24)
    at Object.next (/home/kenchlig/node.kenchlightyear.com/rest/node_modules/jade/lib/lexer.js:939:15)
    at Object.lookahead (/home/kenchlig/node.kenchlightyear.com/rest/node_modules/jade/lib/lexer.js:113:46)
    at Parser.lookahead (/home/kenchlig/node.kenchlightyear.com/rest/node_modules/jade/lib/parser.js:102:23)
    at Parser.peek (/home/kenchlig/node.kenchlightyear.com/rest/node_modules/jade/lib/parser.js:79:17)
    at Parser.tag (/home/kenchlig/node.kenchlightyear.com/rest/node_modules/jade/lib/parser.js:773:22)
    at Parser.parseTag (/home/kenchlig/node.kenchlightyear.com/rest/node_modules/jade/lib/parser.js:759:17)
    at Parser.parseExpr (/home/kenchlig/node.kenchlightyear.com/rest/node_modules/jade/lib/parser.js:211:21)
[90mGET /edit?id=2&name=kench&pro=none [31m500 [90m9ms[0m
[90mGET /edit?id=2&name=kench&pro=none [32m200 [90m109ms - 588b[0m
[90mGET /stylesheets/style.css [36m304 [90m2ms[0m
[90mGET /scripts/uord.js [36m304 [90m1ms[0m
[90mGET /edit?id=2&name=kench&pro=none [32m200 [90m108ms - 593b[0m
[90mGET /stylesheets/style.css [36m304 [90m1ms[0m
[90mGET /scripts/uord.js [36m304 [90m2ms[0m
[90mGET /edit?id=2&name=kench&pro=none [32m200 [90m47ms - 594b[0m
[90mGET /stylesheets/style.css [36m304 [90m1ms[0m
[90mGET /scripts/uord.js [32m200 [90m7ms - 969b[0m
[90mGET /edit?id=2&name=kench&pro=none [32m200 [90m25ms - 638b[0m
[90mGET /scripts/uord.js [36m304 [90m1ms[0m
[90mGET /stylesheets/style.css [36m304 [90m1ms[0m
[90mPUT /%5bobject%20NodeList%5d [32m200 [90m1432ms[0m
[90mGET /users?id=%7B%23id%7D&name=kencha&pro=none [32m200 [90m1569ms - 1.46kb[0m
[90mGET /users?id=%7B%23id%7D&name=kencha&pro=none [32m200 [90m1573ms - 1.46kb[0m
[90mGET /stylesheets/style.css [36m304 [90m1ms[0m
[90mGET /scripts/uord.js [36m304 [90m0ms[0m
[90mGET / [32m200 [90m27ms - 695b[0m
[90mGET /stylesheets/style.css [36m304 [90m1ms[0m
[90mGET /users [36m304 [90m1497ms[0m
[90mGET /stylesheets/style.css [36m304 [90m1ms[0m
[90mGET /scripts/uord.js [36m304 [90m1ms[0m
[90mGET /edit?id=2&name=kench&pro=none [32m200 [90m161ms - 638b[0m
[90mGET /stylesheets/style.css [36m304 [90m2ms[0m
[90mGET /scripts/uord.js [32m200 [90m3ms - 987b[0m
[90mPUT /undefined [32m200 [90m1514ms[0m
[90mGET /users?id=%7B%23id%7D&name=kenchlig&pro=none [32m200 [90m1556ms - 1.46kb[0m
[90mGET /users?id=%7B%23id%7D&name=kenchlig&pro=none [32m200 [90m1439ms - 1.46kb[0m
[90mGET /stylesheets/style.css [36m304 [90m1ms[0m
[90mGET /scripts/uord.js [36m304 [90m1ms[0m
[90mGET /edit?id=2&name=kench&pro=none [32m200 [90m213ms - 638b[0m
[90mGET /stylesheets/style.css [36m304 [90m2ms[0m
[90mGET /scripts/uord.js [32m200 [90m11ms - 1004b[0m
[90mPUT /undefined [32m200 [90m1577ms[0m
[90mGET /users?id=%7B%23id%7D&name=kenchlig&pro=none [36m304 [90m1823ms[0m
[90mGET /stylesheets/style.css [36m304 [90m1ms[0m
[90mGET /scripts/uord.js [36m304 [90m1ms[0m
[90mGET / [32m200 [90m100ms - 695b[0m
[90mGET /stylesheets/style.css [36m304 [90m1ms[0m
[90mGET /users [36m304 [90m1533ms[0m
[90mGET /stylesheets/style.css [36m304 [90m1ms[0m
[90mGET /scripts/uord.js [32m200 [90m4ms - 1.01kb[0m
[90mGET /edit?id=2&name=kench&pro=none [32m200 [90m34ms - 638b[0m
[90mGET /scripts/uord.js [36m304 [90m3ms[0m
[90mGET /stylesheets/style.css [36m304 [90m2ms[0m
[90mPUT /undefined [32m200 [90m1407ms[0m
[90mGET /users?id=%7B%23id%7D&name=kenchlig&pro=none [36m304 [90m1544ms[0m
[90mGET /stylesheets/style.css [36m304 [90m0ms[0m
[90mGET /scripts/uord.js [36m304 [90m0ms[0m
[90mGET /users?id=%7B%23id%7D&name=kenchlig&pro=none [36m304 [90m1544ms[0m
[90mGET /scripts/uord.js [36m304 [90m1ms[0m
[90mGET /stylesheets/style.css [36m304 [90m1ms[0m
[90mGET /edit?id=2&name=kench&pro=none [32m200 [90m33ms - 638b[0m
[90mGET /scripts/uord.js [36m304 [90m1ms[0m
[90mGET /stylesheets/style.css [36m304 [90m0ms[0m
[90mGET /edit?id=2&name=kench&pro=none [32m200 [90m22ms - 634b[0m
[90mGET /scripts/uord.js [36m304 [90m1ms[0m
[90mGET /stylesheets/style.css [36m304 [90m1ms[0m
[90mGET /edit?id=2&name=kench&pro=none [32m200 [90m47ms - 634b[0m
[90mGET /scripts/uord.js [36m304 [90m9ms[0m
[90mGET /stylesheets/style.css [36m304 [90m1ms[0m
[90mGET /edit?id=2&name=kench&pro=none [32m200 [90m108ms - 634b[0m
[90mGET /scripts/uord.js [36m304 [90m2ms[0m
[90mGET /stylesheets/style.css [36m304 [90m5ms[0m
[90mGET /edit?id=2&name=kench&pro=none [32m200 [90m41ms - 628b[0m
[90mGET /stylesheets/style.css [36m304 [90m1ms[0m
[90mGET /scripts/uord.js [36m304 [90m2ms[0m
[90mPUT /undefined [32m200 [90m1499ms[0m
[90mGET /users?id=2&name=kenchlig&pro=none [32m200 [90m1534ms - 1.46kb[0m
[90mGET /users?id=2&name=kenchlig&pro=none [32m200 [90m1466ms - 1.46kb[0m
[90mGET /stylesheets/style.css [36m304 [90m1ms[0m
[90mGET /scripts/uord.js [36m304 [90m1ms[0m
[90mGET /edit?id=2&name=kench&pro=none [32m200 [90m157ms - 628b[0m
[90mGET /stylesheets/style.css [36m304 [90m1ms[0m
[90mGET /scripts/uord.js [36m304 [90m1ms[0m
[90mGET /edit?id=2&name=kench&pro=none [32m200 [90m121ms - 628b[0m
[90mGET /stylesheets/style.css [36m304 [90m1ms[0m
[90mGET /scripts/uord.js [32m200 [90m2ms - 1.02kb[0m
[90mPUT /2 [32m200 [90m1478ms[0m
[90mGET /users?id=2&name=kenchlig&pro=none [32m200 [90m1592ms - 1.47kb[0m
[90mGET /stylesheets/style.css [36m304 [90m1ms[0m
[90mGET /scripts/uord.js [36m304 [90m1ms[0m
[90mGET /add [32m200 [90m35ms - 528b[0m
[90mGET /stylesheets/style.css [36m304 [90m1ms[0m
[90mPOST /add [32m200 [90m1499ms - 707b[0m
[90mGET /stylesheets/style.css [36m304 [90m1ms[0m
[90mGET /users [32m200 [90m1585ms - 1.79kb[0m
[90mGET /stylesheets/style.css [36m304 [90m1ms[0m
[90mGET /scripts/uord.js [36m304 [90m0ms[0m
[90mGET /edit?id=3&name=kristia&pro=student [32m200 [90m32ms - 633b[0m
[90mGET /stylesheets/style.css [36m304 [90m1ms[0m
[90mGET /scripts/uord.js [36m304 [90m1ms[0m
[90mGET / [32m200 [90m46ms - 695b[0m
[90mGET /stylesheets/style.css [36m304 [90m1ms[0m
[90mGET / [32m200 [90m34ms - 729b[0m
[90mGET /stylesheets/style.css [36m304 [90m0ms[0m
[90mGET / [32m200 [90m58ms - 729b[0m
[90mGET /stylesheets/style.css [36m304 [90m1ms[0m
[90mGET /add [32m200 [90m62ms - 528b[0m
[90mGET /stylesheets/style.css [36m304 [90m1ms[0m
[90mGET /users [36m304 [90m1602ms[0m
[90mGET /scripts/uord.js [36m304 [90m1ms[0m
[90mGET /stylesheets/style.css [36m304 [90m1ms[0m
[90mGET /users?keyid%5B%5D=3 [32m200 [90m1527ms - 1.79kb[0m
[90mDELETE /3 [32m200 [90m1526ms[0m
[90mGET /stylesheets/style.css [36m304 [90m1ms[0m
[90mGET /scripts/uord.js [36m304 [90m2ms[0m
[90mGET /users?keyid%5B%5D=3 [32m200 [90m1533ms - 1.16kb[0m
[90mGET /scripts/uord.js [36m304 [90m0ms[0m
[90mGET /stylesheets/style.css [36m304 [90m2ms[0m
[90mGET /add [32m200 [90m104ms - 528b[0m
[90mGET /stylesheets/style.css [36m304 [90m2ms[0m
[90mGET /add [32m200 [90m60ms - 528b[0m
[90mGET /stylesheets/style.css [36m304 [90m1ms[0m
[90mPOST /add [32m200 [90m1479ms - 741b[0m
[90mGET /stylesheets/style.css [36m304 [90m1ms[0m
[90mGET /add [32m200 [90m34ms - 528b[0m
[90mGET /stylesheets/style.css [36m304 [90m1ms[0m
[90mPOST /add [32m200 [90m1527ms - 741b[0m
[90mGET /stylesheets/style.css [36m304 [90m0ms[0m
[90mGET /users [32m200 [90m1479ms - 1.79kb[0m
[90mGET /stylesheets/style.css [36m304 [90m0ms[0m
[90mGET /scripts/uord.js [36m304 [90m1ms[0m
[90mGET /users? [32m200 [90m1443ms - 1.79kb[0m
[90mGET /stylesheets/style.css [36m304 [90m1ms[0m
[90mGET /scripts/uord.js [36m304 [90m2ms[0m
[90mGET /edit?id=1&name=joeb&pro=sysad [32m200 [90m37ms - 628b[0m
[90mGET /stylesheets/style.css [36m304 [90m1ms[0m
[90mGET /scripts/uord.js [36m304 [90m0ms[0m
[90mPUT /1 [32m200 [90m1440ms[0m
[90mGET /users?id=1&name=joeb&pro=manager [32m200 [90m1533ms - 1.8kb[0m
[90mGET /stylesheets/style.css [36m304 [90m1ms[0m
[90mGET /scripts/uord.js [36m304 [90m1ms[0m
[90mGET /users? [32m200 [90m1575ms - 1.79kb[0m
[90mGET /stylesheets/style.css [36m304 [90m1ms[0m
[90mGET /scripts/uord.js [32m200 [90m2ms - 996b[0m
[90mGET /users? [32m200 [90m1664ms - 1.9kb[0m
[90mGET /stylesheets/style.css [36m304 [90m2ms[0m
[90mGET /scripts/uord.js [36m304 [90m1ms[0m
[90mGET /images/edit.png [32m200 [90m6ms - 29.4kb[0m
[90mGET /users? [32m200 [90m1577ms - 1.94kb[0m
[90mGET /stylesheets/style.css [36m304 [90m2ms[0m
[90mGET /scripts/uord.js [36m304 [90m1ms[0m
[90mGET /images/edit.png [36m304 [90m2ms[0m
[90mGET /users? [32m200 [90m1631ms - 1.94kb[0m
[90mGET /stylesheets/style.css [36m304 [90m3ms[0m
[90mGET /images/edit.png [36m304 [90m1ms[0m
[90mGET /scripts/uord.js [36m304 [90m1ms[0m
[90mGET /users? [32m200 [90m1531ms - 1.94kb[0m
[90mGET /stylesheets/style.css [36m304 [90m1ms[0m
[90mGET /scripts/uord.js [36m304 [90m0ms[0m
[90mGET /users? [32m200 [90m1525ms - 1.94kb[0m
[90mGET /stylesheets/style.css [36m304 [90m1ms[0m
[90mGET /scripts/uord.js [36m304 [90m0ms[0m
[90mGET /images/edit.png [36m304 [90m0ms[0m
[90mGET /users? [32m200 [90m1625ms - 1.94kb[0m
[90mGET /stylesheets/style.css [36m304 [90m0ms[0m
[90mGET /scripts/uord.js [36m304 [90m1ms[0m
[90mGET /images/edit.png [36m304 [90m0ms[0m
[90mGET /users? [32m200 [90m1536ms - 1.98kb[0m
[90mGET /stylesheets/style.css [36m304 [90m1ms[0m
[90mGET /scripts/uord.js [36m304 [90m1ms[0m
[90mGET /images/edit.png [36m304 [90m1ms[0m
[90mGET /images/check.png [32m200 [90m3ms - 19.38kb[0m
